2026-04-01 10:48:56,166 - INFO - Building image sweb.env.py.x86_64.a33dddf55cdff5d8e23374:latest
Using dockerfile:
FROM --platform=linux/x86_64 sweb.base.py.x86_64:latest

COPY ./setup_env.sh /root/
RUN sed -i -e 's/\r$//' /root/setup_env.sh
RUN chmod +x /root/setup_env.sh
RUN /bin/bash -c "source ~/.bashrc && /root/setup_env.sh"

WORKDIR /testbed/

# Automatically activate the testbed environment
RUN echo "source /opt/miniconda3/etc/profile.d/conda.sh && conda activate testbed" > /root/.bashrc

Adding (1) setup scripts to image build repo
2026-04-01 10:48:56,167 - INFO - [SETUP SCRIPT] setup_env.sh:
#!/bin/bash
set -euxo pipefail
source /opt/miniconda3/bin/activate
conda create -n testbed python=3.9 -y
cat <<'EOF_59812759871' > $HOME/requirements.txt
aiosmtpd
asgiref >= 3.6.0
argon2-cffi >= 19.2.0
backports.zoneinfo; python_version < '3.9'
bcrypt
black
docutils
geoip2; python_version < '3.12'
jinja2 >= 2.11.0
numpy; python_version < '3.12'
Pillow >= 6.2.1; sys.platform != 'win32' or python_version < '3.12'
pylibmc; sys.platform != 'win32'
pymemcache >= 3.4.0
pytz
pywatchman; sys.platform != 'win32'
PyYAML
redis >= 3.4.0
selenium
sqlparse >= 0.3.1
tblib >= 1.5.0
tzdata
colorama; sys.platform == 'win32'

EOF_59812759871
conda activate testbed && python -m pip install -r $HOME/requirements.txt
rm $HOME/requirements.txt
conda activate testbed

2026-04-01 10:48:56,167 - INFO - Building docker image sweb.env.py.x86_64.a33dddf55cdff5d8e23374:latest in logs/build_images/env/sweb.env.py.x86_64.a33dddf55cdff5d8e23374__latest with platform linux/x86_64
2026-04-01 10:48:56,173 - INFO - Step 1/7 : FROM --platform=linux/x86_64 sweb.base.py.x86_64:latest
2026-04-01 10:48:56,173 - INFO - 
2026-04-01 10:48:56,186 - INFO - ---> 747b24082849
2026-04-01 10:48:56,187 - INFO - Step 2/7 : COPY ./setup_env.sh /root/
2026-04-01 10:48:56,187 - INFO - 
2026-04-01 10:49:03,621 - INFO - ---> bf54fe71767b
2026-04-01 10:49:03,622 - INFO - Step 3/7 : RUN sed -i -e 's/\r$//' /root/setup_env.sh
2026-04-01 10:49:03,622 - INFO - 
2026-04-01 10:49:03,811 - INFO - ---> Running in 5c46693ecfe7
2026-04-01 10:49:10,404 - INFO - ---> Removed intermediate container 5c46693ecfe7
2026-04-01 10:49:10,405 - INFO - ---> 29262ac440b6
2026-04-01 10:49:10,405 - INFO - Step 4/7 : RUN chmod +x /root/setup_env.sh
2026-04-01 10:49:10,408 - INFO - 
2026-04-01 10:49:10,576 - INFO - ---> Running in 7ad985d74c3d
2026-04-01 10:49:16,187 - INFO - ---> Removed intermediate container 7ad985d74c3d
2026-04-01 10:49:16,187 - INFO - ---> b0fa6aa97b5d
2026-04-01 10:49:16,187 - INFO - Step 5/7 : RUN /bin/bash -c "source ~/.bashrc && /root/setup_env.sh"
2026-04-01 10:49:16,188 - INFO - 
2026-04-01 10:49:16,259 - INFO - ---> Running in 1a1653b940f7
2026-04-01 10:49:16,452 - INFO - + source /opt/miniconda3/bin/activate
++ _CONDA_ROOT=/opt/miniconda3
++ . /opt/miniconda3/etc/profile.d/conda.sh
2026-04-01 10:49:16,453 - INFO - +++ export CONDA_EXE=/opt/miniconda3/bin/conda
+++ CONDA_EXE=/opt/miniconda3/bin/conda
+++ export _CE_M=
+++ _CE_M=
+++ export _CE_CONDA=
+++ _CE_CONDA=
+++ export CONDA_PYTHON_EXE=/opt/miniconda3/bin/python
+++ CONDA_PYTHON_EXE=/opt/miniconda3/bin/python
2026-04-01 10:49:16,453 - INFO - +++ '[' -z '' ']'
+++ export CONDA_SHLVL=0
2026-04-01 10:49:16,454 - INFO - +++ CONDA_SHLVL=0
+++ '[' -n '' ']'
+++++ dirname /opt/miniconda3/bin/conda
2026-04-01 10:49:16,455 - INFO - ++++ dirname /opt/miniconda3/bin
2026-04-01 10:49:16,457 - INFO - +++ PATH=/opt/miniconda3/condabin:/opt/miniconda3/bin:/usr/local/sbin:/usr/local/bin:/usr/sbin:/usr/bin:/sbin:/bin
+++ export PATH
+++ '[' -z '' ']'
+++ PS1=
++ conda activate
++ local cmd=activate
++ case "$cmd" in
++ __conda_activate activate
++ '[' -n '' ']'
++ local ask_conda
+++ PS1=
+++ __conda_exe shell.posix activate
2026-04-01 10:49:16,458 - INFO - +++ /opt/miniconda3/bin/conda shell.posix activate
2026-04-01 10:49:16,597 - INFO - ++ ask_conda='PS1='\''(base) '\''
export PATH='\''/opt/miniconda3/bin:/opt/miniconda3/condabin:/opt/miniconda3/bin:/usr/local/sbin:/usr/local/bin:/usr/sbin:/usr/bin:/sbin:/bin'\''
export CONDA_PREFIX='\''/opt/miniconda3'\''
export CONDA_SHLVL='\''1'\''
export CONDA_DEFAULT_ENV='\''base'\''
export CONDA_PROMPT_MODIFIER='\''(base) '\''
export CONDA_EXE='\''/opt/miniconda3/bin/conda'\''
export _CE_M='\'''\''
export _CE_CONDA='\'''\''
export CONDA_PYTHON_EXE='\''/opt/miniconda3/bin/python'\'''
++ eval 'PS1='\''(base) '\''
export PATH='\''/opt/miniconda3/bin:/opt/miniconda3/condabin:/opt/miniconda3/bin:/usr/local/sbin:/usr/local/bin:/usr/sbin:/usr/bin:/sbin:/bin'\''
export CONDA_PREFIX='\''/opt/miniconda3'\''
export CONDA_SHLVL='\''1'\''
export CONDA_DEFAULT_ENV='\''base'\''
export CONDA_PROMPT_MODIFIER='\''(base) '\''
export CONDA_EXE='\''/opt/miniconda3/bin/conda'\''
export _CE_M='\'''\''
export _CE_CONDA='\'''\''
export CONDA_PYTHON_EXE='\''/opt/miniconda3/bin/python'\'''
+++ PS1='(base) '
+++ export PATH=/opt/miniconda3/bin:/opt/miniconda3/condabin:/opt/miniconda3/bin:/usr/local/sbin:/usr/local/bin:/usr/sbin:/usr/bin:/sbin:/bin
+++ PATH=/opt/miniconda3/bin:/opt/miniconda3/condabin:/opt/miniconda3/bin:/usr/local/sbin:/usr/local/bin:/usr/sbin:/usr/bin:/sbin:/bin
+++ export CONDA_PREFIX=/opt/miniconda3
+++ CONDA_PREFIX=/opt/miniconda3
+++ export CONDA_SHLVL=1
+++ CONDA_SHLVL=1
+++ export CONDA_DEFAULT_ENV=base
+++ CONDA_DEFAULT_ENV=base
+++ export 'CONDA_PROMPT_MODIFIER=(base) '
+++ CONDA_PROMPT_MODIFIER='(base) '
+++ export CONDA_EXE=/opt/miniconda3/bin/conda
+++ CONDA_EXE=/opt/miniconda3/bin/conda
+++ export _CE_M=
+++ _CE_M=
+++ export _CE_CONDA=
+++ _CE_CONDA=
+++ export CONDA_PYTHON_EXE=/opt/miniconda3/bin/python
+++ CONDA_PYTHON_EXE=/opt/miniconda3/bin/python
++ __conda_hashr
2026-04-01 10:49:16,597 - INFO - ++ '[' -n '' ']'
++ '[' -n '' ']'
++ hash -r
+ conda create -n testbed python=3.9 -y
+ local cmd=create
+ case "$cmd" in
+ __conda_exe create -n testbed python=3.9 -y
2026-04-01 10:49:16,598 - INFO - + /opt/miniconda3/bin/conda create -n testbed python=3.9 -y
2026-04-01 10:49:17,294 - INFO - Channels:
 - defaults
 - conda-forge
Platform: linux-64
Collecting package metadata (repodata.json): ...working...
2026-04-01 10:50:24,738 - INFO - done
Solving environment: ...working...
2026-04-01 10:50:26,718 - INFO - done
2026-04-01 10:50:33,003 - INFO - ## Package Plan ##

  environment location: /opt/miniconda3/envs/testbed

  added / updated specs:
    - python=3.9


The following packages will be downloaded:

    package                    |            build
    ---------------------------|-----------------
    bzip2-1.0.8                |       h5eee18b_6         262 KB
    ca-certificates-2026.3.19  |       h06a4308_0         126 KB
    expat-2.7.5                |       h7354ed3_0          24 KB
    ld_impl_linux-64-2.44      |       h9e0c5a2_3         725 KB
    libexpat-2.7.5             |       h7354ed3_0         122 KB
    libffi-3.4.4               |       h6a678d5_1         141 KB
    libgcc-15.2.0              |       h69a1729_7         806 KB
    libgcc-ng-15.2.0           |       h166f726_7          28 KB
    libgomp-15.2.0             |       h4751f2c_7         436 KB
    libnsl-2.0.0               |       h5eee18b_0          31 KB
    libstdcxx-15.2.0           |       h39759b7_7         3.7 MB
    libstdcxx-ng-15.2.0        |       hc03a8fd_7          28 KB
    libxcb-1.17.0              |       h9b100fa_0         430 KB
    libzlib-1.3.1              |       hb25bd0a_0          59 KB
    ncurses-6.5                |       h7934f7d_0         1.1 MB
    openssl-3.5.5              |       h1b28b03_0         5.5 MB
    pip-26.0.1                 |     pyhc872135_1         1.1 MB
    pthread-stubs-0.3          |       h0ce48e5_1           5 KB
    python-3.9.25              |       h0dcde21_1        23.0 MB
    readline-8.3               |       hc2a1206_0         471 KB
    setuptools-80.9.0          |   py39h06a4308_0         1.4 MB
    sqlite-3.51.2              |       h3e8d24a_0         1.2 MB
    tk-8.6.15                  |       h54e0aa7_0         3.4 MB
    tzdata-2026a               |       he532380_0         117 KB
    wheel-0.45.1               |   py39h06a4308_0         114 KB
    xorg-libx11-1.8.12         |       h9b100fa_1         895 KB
    xorg-libxau-1.0.12         |       h9b100fa_0          13 KB
    xorg-libxdmcp-1.1.5        |       h9b100fa_0          19 KB
    xorg-xorgproto-2024.1      |       h5eee18b_1         580 KB
    xz-5.8.2                   |       h448239c_0         621 KB
    zlib-1.3.1                 |       hb25bd0a_0          96 KB
    ------------------------------------------------------------
                                           Total:        46.6 MB

The following NEW packages will be INSTALLED:

  _libgcc_mutex      pkgs/main/linux-64::_libgcc_mutex-0.1-main 
  _openmp_mutex      pkgs/main/linux-64::_openmp_mutex-5.1-1_gnu 
  bzip2              pkgs/main/linux-64::bzip2-1.0.8-h5eee18b_6 
  ca-certificates    pkgs/main/linux-64::ca-certificates-2026.3.19-h06a4308_0 
  expat              pkgs/main/linux-64::expat-2.7.5-h7354ed3_0 
  ld_impl_linux-64   pkgs/main/linux-64::ld_impl_linux-64-2.44-h9e0c5a2_3 
  libexpat           pkgs/main/linux-64::libexpat-2.7.5-h7354ed3_0 
  libffi             pkgs/main/linux-64::libffi-3.4.4-h6a678d5_1 
  libgcc             pkgs/main/linux-64::libgcc-15.2.0-h69a1729_7 
  libgcc-ng          pkgs/main/linux-64::libgcc-ng-15.2.0-h166f726_7 
  libgomp            pkgs/main/linux-64::libgomp-15.2.0-h4751f2c_7 
  libnsl             pkgs/main/linux-64::libnsl-2.0.0-h5eee18b_0 
  libstdcxx          pkgs/main/linux-64::libstdcxx-15.2.0-h39759b7_7 
  libstdcxx-ng       pkgs/main/linux-64::libstdcxx-ng-15.2.0-hc03a8fd_7 
  libuuid            pkgs/main/linux-64::libuuid-1.41.5-h5eee18b_0 
  libxcb             pkgs/main/linux-64::libxcb-1.17.0-h9b100fa_0 
  libzlib            pkgs/main/linux-64::libzlib-1.3.1-hb25bd0a_0 
  ncurses            pkgs/main/linux-64::ncurses-6.5-h7934f7d_0 
  openssl            pkgs/main/linux-64::openssl-3.5.5-h1b28b03_0 
  pip                pkgs/main/noarch::pip-26.0.1-pyhc872135_1 
  pthread-stubs      pkgs/main/linux-64::pthread-stubs-0.3-h0ce48e5_1 
  python             pkgs/main/linux-64::python-3.9.25-h0dcde21_1 
  readline           pkgs/main/linux-64::readline-8.3-hc2a1206_0 
  setuptools         pkgs/main/linux-64::setuptools-80.9.0-py39h06a4308_0 
  sqlite             pkgs/main/linux-64::sqlite-3.51.2-h3e8d24a_0 
  tk                 pkgs/main/linux-64::tk-8.6.15-h54e0aa7_0 
  tzdata             pkgs/main/noarch::tzdata-2026a-he532380_0 
  wheel              pkgs/main/linux-64::wheel-0.45.1-py39h06a4308_0 
  xorg-libx11        pkgs/main/linux-64::xorg-libx11-1.8.12-h9b100fa_1 
  xorg-libxau        pkgs/main/linux-64::xorg-libxau-1.0.12-h9b100fa_0 
  xorg-libxdmcp      pkgs/main/linux-64::xorg-libxdmcp-1.1.5-h9b100fa_0 
  xorg-xorgproto     pkgs/main/linux-64::xorg-xorgproto-2024.1-h5eee18b_1 
  xz                 pkgs/main/linux-64::xz-5.8.2-h448239c_0 
  zlib               pkgs/main/linux-64::zlib-1.3.1-hb25bd0a_0 



Downloading and Extracting Packages: ...working... done
Preparing transaction: ...working...
2026-04-01 10:50:33,239 - INFO - done
Verifying transaction: ...working...
2026-04-01 10:50:34,499 - INFO - done
2026-04-01 10:50:34,500 - INFO - Executing transaction: ...working...
2026-04-01 10:50:36,569 - INFO - done
2026-04-01 10:50:36,634 - INFO - #
# To activate this environment, use
#
#     $ conda activate testbed
#
# To deactivate an active environment, use
#
#     $ conda deactivate
2026-04-01 10:50:36,778 - INFO - + cat
2026-04-01 10:50:36,780 - INFO - + conda activate testbed
+ local cmd=activate
+ case "$cmd" in
+ __conda_activate activate testbed
+ '[' -n '' ']'
+ local ask_conda
2026-04-01 10:50:36,780 - INFO - ++ PS1='(base) '
2026-04-01 10:50:36,780 - INFO - ++ __conda_exe shell.posix activate testbed
2026-04-01 10:50:36,781 - INFO - ++ /opt/miniconda3/bin/conda shell.posix activate testbed
2026-04-01 10:50:36,919 - INFO - + ask_conda='PS1='\''(testbed) '\''
export PATH='\''/opt/miniconda3/envs/testbed/bin:/opt/miniconda3/condabin:/opt/miniconda3/bin:/usr/local/sbin:/usr/local/bin:/usr/sbin:/usr/bin:/sbin:/bin'\''
export CONDA_PREFIX='\''/opt/miniconda3/envs/testbed'\''
export CONDA_SHLVL='\''2'\''
export CONDA_DEFAULT_ENV='\''testbed'\''
export CONDA_PROMPT_MODIFIER='\''(testbed) '\''
export CONDA_PREFIX_1='\''/opt/miniconda3'\''
export CONDA_EXE='\''/opt/miniconda3/bin/conda'\''
export _CE_M='\'''\''
export _CE_CONDA='\'''\''
export CONDA_PYTHON_EXE='\''/opt/miniconda3/bin/python'\'''
+ eval 'PS1='\''(testbed) '\''
export PATH='\''/opt/miniconda3/envs/testbed/bin:/opt/miniconda3/condabin:/opt/miniconda3/bin:/usr/local/sbin:/usr/local/bin:/usr/sbin:/usr/bin:/sbin:/bin'\''
export CONDA_PREFIX='\''/opt/miniconda3/envs/testbed'\''
export CONDA_SHLVL='\''2'\''
export CONDA_DEFAULT_ENV='\''testbed'\''
export CONDA_PROMPT_MODIFIER='\''(testbed) '\''
export CONDA_PREFIX_1='\''/opt/miniconda3'\''
export CONDA_EXE='\''/opt/miniconda3/bin/conda'\''
export _CE_M='\'''\''
export _CE_CONDA='\'''\''
export CONDA_PYTHON_EXE='\''/opt/miniconda3/bin/python'\'''
++ PS1='(testbed) '
++ export PATH=/opt/miniconda3/envs/testbed/bin:/opt/miniconda3/condabin:/opt/miniconda3/bin:/usr/local/sbin:/usr/local/bin:/usr/sbin:/usr/bin:/sbin:/bin
++ PATH=/opt/miniconda3/envs/testbed/bin:/opt/miniconda3/condabin:/opt/miniconda3/bin:/usr/local/sbin:/usr/local/bin:/usr/sbin:/usr/bin:/sbin:/bin
++ export CONDA_PREFIX=/opt/miniconda3/envs/testbed
++ CONDA_PREFIX=/opt/miniconda3/envs/testbed
++ export CONDA_SHLVL=2
++ CONDA_SHLVL=2
++ export CONDA_DEFAULT_ENV=testbed
++ CONDA_DEFAULT_ENV=testbed
++ export 'CONDA_PROMPT_MODIFIER=(testbed) '
++ CONDA_PROMPT_MODIFIER='(testbed) '
++ export CONDA_PREFIX_1=/opt/miniconda3
++ CONDA_PREFIX_1=/opt/miniconda3
++ export CONDA_EXE=/opt/miniconda3/bin/conda
++ CONDA_EXE=/opt/miniconda3/bin/conda
++ export _CE_M=
++ _CE_M=
++ export _CE_CONDA=
++ _CE_CONDA=
++ export CONDA_PYTHON_EXE=/opt/miniconda3/bin/python
++ CONDA_PYTHON_EXE=/opt/miniconda3/bin/python
+ __conda_hashr
2026-04-01 10:50:36,920 - INFO - + '[' -n '' ']'
+ '[' -n '' ']'
+ hash -r
+ python -m pip install -r /root/requirements.txt
2026-04-01 10:50:37,267 - INFO - Ignoring backports.zoneinfo: markers 'python_version < "3.9"' don't match your environment
Ignoring colorama: markers 'sys_platform == "win32"' don't match your environment
2026-04-01 10:50:37,331 - INFO - Collecting aiosmtpd (from -r /root/requirements.txt (line 1))
2026-04-01 10:50:37,364 - INFO - Downloading aiosmtpd-1.4.6-py3-none-any.whl.metadata (6.6 kB)
2026-04-01 10:50:37,401 - INFO - Collecting asgiref>=3.6.0 (from -r /root/requirements.txt (line 2))
2026-04-01 10:50:37,406 - INFO - Downloading asgiref-3.11.1-py3-none-any.whl.metadata (9.3 kB)
2026-04-01 10:50:37,447 - INFO - Collecting argon2-cffi>=19.2.0 (from -r /root/requirements.txt (line 3))
2026-04-01 10:50:37,454 - INFO - Downloading argon2_cffi-25.1.0-py3-none-any.whl.metadata (4.1 kB)
2026-04-01 10:50:37,530 - INFO - Collecting bcrypt (from -r /root/requirements.txt (line 5))
2026-04-01 10:50:37,536 - INFO - Downloading bcrypt-5.0.0-cp39-abi3-manylinux_2_34_x86_64.whl.metadata (10 kB)
2026-04-01 10:50:37,614 - INFO - Collecting black (from -r /root/requirements.txt (line 6))
2026-04-01 10:50:37,622 - INFO - Downloading black-25.11.0-cp39-cp39-manylinux2014_x86_64.manylinux_2_17_x86_64.manylinux_2_28_x86_64.whl.metadata (85 kB)
2026-04-01 10:50:37,661 - INFO - Collecting docutils (from -r /root/requirements.txt (line 7))
2026-04-01 10:50:37,668 - INFO - Downloading docutils-0.22.4-py3-none-any.whl.metadata (15 kB)
2026-04-01 10:50:37,705 - INFO - Collecting geoip2 (from -r /root/requirements.txt (line 8))
2026-04-01 10:50:37,712 - INFO - Downloading geoip2-5.1.0-py3-none-any.whl.metadata (19 kB)
2026-04-01 10:50:37,745 - INFO - Collecting jinja2>=2.11.0 (from -r /root/requirements.txt (line 9))
2026-04-01 10:50:37,751 - INFO - Downloading jinja2-3.1.6-py3-none-any.whl.metadata (2.9 kB)
2026-04-01 10:50:37,991 - INFO - Collecting numpy (from -r /root/requirements.txt (line 10))
2026-04-01 10:50:37,999 - INFO - Downloading numpy-2.0.2-cp39-cp39-manylinux_2_17_x86_64.manylinux2014_x86_64.whl.metadata (60 kB)
2026-04-01 10:50:38,292 - INFO - Collecting Pillow>=6.2.1 (from -r /root/requirements.txt (line 11))
2026-04-01 10:50:38,301 - INFO - Downloading pillow-11.3.0-cp39-cp39-manylinux_2_27_x86_64.manylinux_2_28_x86_64.whl.metadata (9.0 kB)
2026-04-01 10:50:38,340 - INFO - Collecting pylibmc (from -r /root/requirements.txt (line 12))
2026-04-01 10:50:38,346 - INFO - Downloading pylibmc-1.6.3-cp39-cp39-manylinux_2_17_x86_64.manylinux2014_x86_64.whl.metadata (4.0 kB)
2026-04-01 10:50:38,388 - INFO - Collecting pymemcache>=3.4.0 (from -r /root/requirements.txt (line 13))
2026-04-01 10:50:38,396 - INFO - Downloading pymemcache-4.0.0-py2.py3-none-any.whl.metadata (14 kB)
2026-04-01 10:50:38,460 - INFO - Collecting pytz (from -r /root/requirements.txt (line 14))
2026-04-01 10:50:38,466 - INFO - Downloading pytz-2026.1.post1-py2.py3-none-any.whl.metadata (22 kB)
2026-04-01 10:50:38,494 - INFO - Collecting pywatchman (from -r /root/requirements.txt (line 15))
2026-04-01 10:50:38,507 - INFO - Downloading pywatchman-3.0.0.tar.gz (40 kB)
2026-04-01 10:50:38,535 - INFO - Installing build dependencies: started
2026-04-01 10:50:39,482 - INFO - Installing build dependencies: finished with status 'done'
2026-04-01 10:50:39,483 - INFO - Getting requirements to build wheel: started
2026-04-01 10:50:39,973 - INFO - Getting requirements to build wheel: finished with status 'done'
2026-04-01 10:50:39,975 - INFO - Preparing metadata (pyproject.toml): started
2026-04-01 10:50:40,219 - INFO - Preparing metadata (pyproject.toml): finished with status 'done'
2026-04-01 10:50:40,273 - INFO - Collecting PyYAML (from -r /root/requirements.txt (line 16))
2026-04-01 10:50:40,278 - INFO - Downloading pyyaml-6.0.3-cp39-cp39-manylinux2014_x86_64.manylinux_2_17_x86_64.manylinux_2_28_x86_64.whl.metadata (2.4 kB)
2026-04-01 10:50:40,321 - INFO - Collecting redis>=3.4.0 (from -r /root/requirements.txt (line 17))
2026-04-01 10:50:40,328 - INFO - Downloading redis-7.0.1-py3-none-any.whl.metadata (12 kB)
2026-04-01 10:50:40,379 - INFO - Collecting selenium (from -r /root/requirements.txt (line 18))
2026-04-01 10:50:40,384 - INFO - Downloading selenium-4.36.0-py3-none-any.whl.metadata (7.5 kB)
2026-04-01 10:50:40,409 - INFO - Collecting sqlparse>=0.3.1 (from -r /root/requirements.txt (line 19))
2026-04-01 10:50:40,416 - INFO - Downloading sqlparse-0.5.5-py3-none-any.whl.metadata (4.7 kB)
2026-04-01 10:50:40,447 - INFO - Collecting tblib>=1.5.0 (from -r /root/requirements.txt (line 20))
2026-04-01 10:50:40,454 - INFO - Downloading tblib-3.2.2-py3-none-any.whl.metadata (27 kB)
2026-04-01 10:50:40,487 - INFO - Collecting tzdata (from -r /root/requirements.txt (line 21))
2026-04-01 10:50:40,498 - INFO - Downloading tzdata-2025.3-py2.py3-none-any.whl.metadata (1.4 kB)
2026-04-01 10:50:40,519 - INFO - Collecting atpublic (from aiosmtpd->-r /root/requirements.txt (line 1))
2026-04-01 10:50:40,525 - INFO - Downloading atpublic-6.0.2-py3-none-any.whl.metadata (2.0 kB)
2026-04-01 10:50:40,554 - INFO - Collecting attrs (from aiosmtpd->-r /root/requirements.txt (line 1))
2026-04-01 10:50:40,559 - INFO - Downloading attrs-26.1.0-py3-none-any.whl.metadata (8.8 kB)
2026-04-01 10:50:40,596 - INFO - Collecting typing_extensions>=4 (from asgiref>=3.6.0->-r /root/requirements.txt (line 2))
2026-04-01 10:50:40,604 - INFO - Downloading typing_extensions-4.15.0-py3-none-any.whl.metadata (3.3 kB)
2026-04-01 10:50:40,634 - INFO - Collecting argon2-cffi-bindings (from argon2-cffi>=19.2.0->-r /root/requirements.txt (line 3))
2026-04-01 10:50:40,641 - INFO - Downloading argon2_cffi_bindings-25.1.0-cp39-abi3-manylinux_2_26_x86_64.manylinux_2_28_x86_64.whl.metadata (7.4 kB)
2026-04-01 10:50:40,670 - INFO - Collecting click>=8.0.0 (from black->-r /root/requirements.txt (line 6))
2026-04-01 10:50:40,677 - INFO - Downloading click-8.1.8-py3-none-any.whl.metadata (2.3 kB)
2026-04-01 10:50:40,705 - INFO - Collecting mypy-extensions>=0.4.3 (from black->-r /root/requirements.txt (line 6))
2026-04-01 10:50:40,710 - INFO - Downloading mypy_extensions-1.1.0-py3-none-any.whl.metadata (1.1 kB)
2026-04-01 10:50:40,736 - INFO - Collecting packaging>=22.0 (from black->-r /root/requirements.txt (line 6))
2026-04-01 10:50:40,737 - INFO - Using cached packaging-26.0-py3-none-any.whl.metadata (3.3 kB)
2026-04-01 10:50:40,755 - INFO - Collecting pathspec>=0.9.0 (from black->-r /root/requirements.txt (line 6))
2026-04-01 10:50:40,761 - INFO - Downloading pathspec-1.0.4-py3-none-any.whl.metadata (13 kB)
2026-04-01 10:50:40,792 - INFO - Collecting platformdirs>=2 (from black->-r /root/requirements.txt (line 6))
2026-04-01 10:50:40,798 - INFO - Downloading platformdirs-4.4.0-py3-none-any.whl.metadata (12 kB)
2026-04-01 10:50:40,828 - INFO - Collecting pytokens>=0.3.0 (from black->-r /root/requirements.txt (line 6))
2026-04-01 10:50:40,834 - INFO - Downloading pytokens-0.4.1-cp39-cp39-manylinux2014_x86_64.manylinux_2_17_x86_64.manylinux_2_28_x86_64.whl.metadata (3.8 kB)
2026-04-01 10:50:40,867 - INFO - Collecting tomli>=1.1.0 (from black->-r /root/requirements.txt (line 6))
2026-04-01 10:50:40,872 - INFO - Downloading tomli-2.4.1-py3-none-any.whl.metadata (10 kB)
2026-04-01 10:50:41,537 - INFO - Collecting aiohttp<4.0.0,>=3.6.2 (from geoip2->-r /root/requirements.txt (line 8))
2026-04-01 10:50:41,545 - INFO - Downloading aiohttp-3.13.5-cp39-cp39-manylinux2014_x86_64.manylinux_2_17_x86_64.manylinux_2_28_x86_64.whl.metadata (8.1 kB)
2026-04-01 10:50:41,694 - INFO - Collecting maxminddb<3.0.0,>=2.7.0 (from geoip2->-r /root/requirements.txt (line 8))
2026-04-01 10:50:41,700 - INFO - Downloading maxminddb-2.8.2-cp39-cp39-manylinux2014_x86_64.manylinux_2_17_x86_64.manylinux_2_28_x86_64.whl.metadata (5.1 kB)
2026-04-01 10:50:41,743 - INFO - Collecting requests<3.0.0,>=2.24.0 (from geoip2->-r /root/requirements.txt (line 8))
2026-04-01 10:50:41,749 - INFO - Downloading requests-2.32.5-py3-none-any.whl.metadata (4.9 kB)
2026-04-01 10:50:41,780 - INFO - Collecting aiohappyeyeballs>=2.5.0 (from aiohttp<4.0.0,>=3.6.2->geoip2->-r /root/requirements.txt (line 8))
2026-04-01 10:50:41,784 - INFO - Downloading aiohappyeyeballs-2.6.1-py3-none-any.whl.metadata (5.9 kB)
2026-04-01 10:50:41,804 - INFO - Collecting aiosignal>=1.4.0 (from aiohttp<4.0.0,>=3.6.2->geoip2->-r /root/requirements.txt (line 8))
2026-04-01 10:50:41,809 - INFO - Downloading aiosignal-1.4.0-py3-none-any.whl.metadata (3.7 kB)
2026-04-01 10:50:41,835 - INFO - Collecting async-timeout<6.0,>=4.0 (from aiohttp<4.0.0,>=3.6.2->geoip2->-r /root/requirements.txt (line 8))
2026-04-01 10:50:41,843 - INFO - Downloading async_timeout-5.0.1-py3-none-any.whl.metadata (5.1 kB)
2026-04-01 10:50:41,937 - INFO - Collecting frozenlist>=1.1.1 (from aiohttp<4.0.0,>=3.6.2->geoip2->-r /root/requirements.txt (line 8))
2026-04-01 10:50:41,944 - INFO - Downloading frozenlist-1.8.0-cp39-cp39-manylinux1_x86_64.manylinux_2_28_x86_64.manylinux_2_5_x86_64.whl.metadata (20 kB)
2026-04-01 10:50:42,207 - INFO - Collecting multidict<7.0,>=4.5 (from aiohttp<4.0.0,>=3.6.2->geoip2->-r /root/requirements.txt (line 8))
2026-04-01 10:50:42,214 - INFO - Downloading multidict-6.7.1-cp39-cp39-manylinux2014_x86_64.manylinux_2_17_x86_64.manylinux_2_28_x86_64.whl.metadata (5.3 kB)
2026-04-01 10:50:42,287 - INFO - Collecting propcache>=0.2.0 (from aiohttp<4.0.0,>=3.6.2->geoip2->-r /root/requirements.txt (line 8))
2026-04-01 10:50:42,296 - INFO - Downloading propcache-0.4.1-cp39-cp39-manylinux2014_x86_64.manylinux_2_17_x86_64.manylinux_2_28_x86_64.whl.metadata (13 kB)
2026-04-01 10:50:42,648 - INFO - Collecting yarl<2.0,>=1.17.0 (from aiohttp<4.0.0,>=3.6.2->geoip2->-r /root/requirements.txt (line 8))
2026-04-01 10:50:42,654 - INFO - Downloading yarl-1.22.0-cp39-cp39-manylinux2014_x86_64.manylinux_2_17_x86_64.manylinux_2_28_x86_64.whl.metadata (75 kB)
2026-04-01 10:50:42,767 - INFO - Collecting charset_normalizer<4,>=2 (from requests<3.0.0,>=2.24.0->geoip2->-r /root/requirements.txt (line 8))
2026-04-01 10:50:42,772 - INFO - Downloading charset_normalizer-3.4.6-cp39-cp39-manylinux2014_x86_64.manylinux_2_17_x86_64.manylinux_2_28_x86_64.whl.metadata (40 kB)
2026-04-01 10:50:42,795 - INFO - Collecting idna<4,>=2.5 (from requests<3.0.0,>=2.24.0->geoip2->-r /root/requirements.txt (line 8))
2026-04-01 10:50:42,800 - INFO - Downloading idna-3.11-py3-none-any.whl.metadata (8.4 kB)
2026-04-01 10:50:42,834 - INFO - Collecting urllib3<3,>=1.21.1 (from requests<3.0.0,>=2.24.0->geoip2->-r /root/requirements.txt (line 8))
2026-04-01 10:50:42,840 - INFO - Downloading urllib3-2.6.3-py3-none-any.whl.metadata (6.9 kB)
2026-04-01 10:50:42,872 - INFO - Collecting certifi>=2017.4.17 (from requests<3.0.0,>=2.24.0->geoip2->-r /root/requirements.txt (line 8))
2026-04-01 10:50:42,878 - INFO - Downloading certifi-2026.2.25-py3-none-any.whl.metadata (2.5 kB)
2026-04-01 10:50:42,952 - INFO - Collecting MarkupSafe>=2.0 (from jinja2>=2.11.0->-r /root/requirements.txt (line 9))
2026-04-01 10:50:42,958 - INFO - Downloading markupsafe-3.0.3-cp39-cp39-manylinux2014_x86_64.manylinux_2_17_x86_64.manylinux_2_28_x86_64.whl.metadata (2.7 kB)
2026-04-01 10:50:43,048 - INFO - Collecting trio<1.0,>=0.30.0 (from selenium->-r /root/requirements.txt (line 18))
2026-04-01 10:50:43,055 - INFO - Downloading trio-0.31.0-py3-none-any.whl.metadata (8.5 kB)
2026-04-01 10:50:43,127 - INFO - Collecting trio-websocket<1.0,>=0.12.2 (from selenium->-r /root/requirements.txt (line 18))
2026-04-01 10:50:43,133 - INFO - Downloading trio_websocket-0.12.2-py3-none-any.whl.metadata (5.1 kB)
2026-04-01 10:50:43,277 - INFO - Collecting websocket-client<2.0,>=1.8.0 (from selenium->-r /root/requirements.txt (line 18))
2026-04-01 10:50:43,283 - INFO - Downloading websocket_client-1.9.0-py3-none-any.whl.metadata (8.3 kB)
2026-04-01 10:50:43,314 - INFO - Collecting sortedcontainers (from trio<1.0,>=0.30.0->selenium->-r /root/requirements.txt (line 18))
2026-04-01 10:50:43,321 - INFO - Downloading sortedcontainers-2.4.0-py2.py3-none-any.whl.metadata (10 kB)
2026-04-01 10:50:43,346 - INFO - Collecting outcome (from trio<1.0,>=0.30.0->selenium->-r /root/requirements.txt (line 18))
2026-04-01 10:50:43,351 - INFO - Downloading outcome-1.3.0.post0-py2.py3-none-any.whl.metadata (2.6 kB)
2026-04-01 10:50:43,371 - INFO - Collecting sniffio>=1.3.0 (from trio<1.0,>=0.30.0->selenium->-r /root/requirements.txt (line 18))
2026-04-01 10:50:43,376 - INFO - Downloading sniffio-1.3.1-py3-none-any.whl.metadata (3.9 kB)
2026-04-01 10:50:43,406 - INFO - Collecting exceptiongroup (from trio<1.0,>=0.30.0->selenium->-r /root/requirements.txt (line 18))
2026-04-01 10:50:43,412 - INFO - Downloading exceptiongroup-1.3.1-py3-none-any.whl.metadata (6.7 kB)
2026-04-01 10:50:43,443 - INFO - Collecting wsproto>=0.14 (from trio-websocket<1.0,>=0.12.2->selenium->-r /root/requirements.txt (line 18))
2026-04-01 10:50:43,450 - INFO - Downloading wsproto-1.2.0-py3-none-any.whl.metadata (5.6 kB)
2026-04-01 10:50:43,477 - INFO - Collecting pysocks!=1.5.7,<2.0,>=1.5.6 (from urllib3[socks]<3.0,>=2.5.0->selenium->-r /root/requirements.txt (line 18))
2026-04-01 10:50:43,481 - INFO - Downloading PySocks-1.7.1-py3-none-any.whl.metadata (13 kB)
2026-04-01 10:50:43,522 - INFO - Collecting h11<1,>=0.9.0 (from wsproto>=0.14->trio-websocket<1.0,>=0.12.2->selenium->-r /root/requirements.txt (line 18))
2026-04-01 10:50:43,528 - INFO - Downloading h11-0.16.0-py3-none-any.whl.metadata (8.3 kB)
2026-04-01 10:50:43,644 - INFO - Collecting cffi>=1.0.1 (from argon2-cffi-bindings->argon2-cffi>=19.2.0->-r /root/requirements.txt (line 3))
2026-04-01 10:50:43,649 - INFO - Downloading cffi-2.0.0-cp39-cp39-manylinux2014_x86_64.manylinux_2_17_x86_64.whl.metadata (2.6 kB)
2026-04-01 10:50:43,669 - INFO - Collecting pycparser (from cffi>=1.0.1->argon2-cffi-bindings->argon2-cffi>=19.2.0->-r /root/requirements.txt (line 3))
2026-04-01 10:50:43,675 - INFO - Downloading pycparser-2.23-py3-none-any.whl.metadata (993 bytes)
2026-04-01 10:50:43,696 - INFO - Downloading aiosmtpd-1.4.6-py3-none-any.whl (154 kB)
2026-04-01 10:50:43,711 - INFO - Downloading asgiref-3.11.1-py3-none-any.whl (24 kB)
2026-04-01 10:50:43,723 - INFO - Downloading argon2_cffi-25.1.0-py3-none-any.whl (14 kB)
2026-04-01 10:50:43,735 - INFO - Downloading bcrypt-5.0.0-cp39-abi3-manylinux_2_34_x86_64.whl (278 kB)
2026-04-01 10:50:43,752 - INFO - Downloading black-25.11.0-cp39-cp39-manylinux2014_x86_64.manylinux_2_17_x86_64.manylinux_2_28_x86_64.whl (1.7 MB)
2026-04-01 10:50:43,783 - INFO - ━━━━━━━━━━━━━━━━━━━━━━━━━━━━━━━━━━━━━━━━ 1.7/1.7 MB 52.9 MB/s  0:00:00
2026-04-01 10:50:43,789 - INFO - Downloading docutils-0.22.4-py3-none-any.whl (633 kB)
2026-04-01 10:50:43,804 - INFO - ━━━━━━━━━━━━━━━━━━━━━━━━━━━━━━━━━━━━━━━━ 633.2/633.2 kB 41.3 MB/s  0:00:00
2026-04-01 10:50:43,804 - INFO - 
2026-04-01 10:50:43,810 - INFO - Downloading geoip2-5.1.0-py3-none-any.whl (27 kB)
2026-04-01 10:50:43,827 - INFO - Downloading aiohttp-3.13.5-cp39-cp39-manylinux2014_x86_64.manylinux_2_17_x86_64.manylinux_2_28_x86_64.whl (1.7 MB)
2026-04-01 10:50:43,854 - INFO - ━━━━━━━━━━━━━━━━━━━━━━━━━━━━━━━━━━━━━━━━ 1.7/1.7 MB 64.2 MB/s  0:00:00
2026-04-01 10:50:43,854 - INFO - 
2026-04-01 10:50:43,859 - INFO - Downloading async_timeout-5.0.1-py3-none-any.whl (6.2 kB)
2026-04-01 10:50:43,877 - INFO - Downloading maxminddb-2.8.2-cp39-cp39-manylinux2014_x86_64.manylinux_2_17_x86_64.manylinux_2_28_x86_64.whl (92 kB)
2026-04-01 10:50:43,891 - INFO - Downloading multidict-6.7.1-cp39-cp39-manylinux2014_x86_64.manylinux_2_17_x86_64.manylinux_2_28_x86_64.whl (240 kB)
2026-04-01 10:50:43,906 - INFO - Downloading requests-2.32.5-py3-none-any.whl (64 kB)
2026-04-01 10:50:43,921 - INFO - Downloading charset_normalizer-3.4.6-cp39-cp39-manylinux2014_x86_64.manylinux_2_17_x86_64.manylinux_2_28_x86_64.whl (207 kB)
2026-04-01 10:50:43,939 - INFO - Downloading idna-3.11-py3-none-any.whl (71 kB)
2026-04-01 10:50:43,953 - INFO - Downloading urllib3-2.6.3-py3-none-any.whl (131 kB)
2026-04-01 10:50:43,967 - INFO - Downloading yarl-1.22.0-cp39-cp39-manylinux2014_x86_64.manylinux_2_17_x86_64.manylinux_2_28_x86_64.whl (346 kB)
2026-04-01 10:50:43,982 - INFO - Downloading jinja2-3.1.6-py3-none-any.whl (134 kB)
2026-04-01 10:50:43,995 - INFO - Downloading numpy-2.0.2-cp39-cp39-manylinux_2_17_x86_64.manylinux2014_x86_64.whl (19.5 MB)
2026-04-01 10:50:44,219 - INFO - ━━━━━━━━━━━━━━━━━━━━━━━━━━━━━━━━━━━━━━━━ 19.5/19.5 MB 87.8 MB/s  0:00:00
2026-04-01 10:50:44,227 - INFO - Downloading pillow-11.3.0-cp39-cp39-manylinux_2_27_x86_64.manylinux_2_28_x86_64.whl (6.6 MB)
2026-04-01 10:50:44,307 - INFO - ━━━━━━━━━━━━━━━━━━━━━━━━━━━━━━━━━━━━━━━━ 6.6/6.6 MB 83.4 MB/s  0:00:00
2026-04-01 10:50:44,312 - INFO - Downloading pylibmc-1.6.3-cp39-cp39-manylinux_2_17_x86_64.manylinux2014_x86_64.whl (1.2 MB)
2026-04-01 10:50:44,335 - INFO - ━━━━━━━━━━━━━━━━━━━━━━━━━━━━━━━━━━━━━━━━ 1.2/1.2 MB 59.1 MB/s  0:00:00
2026-04-01 10:50:44,341 - INFO - Downloading pymemcache-4.0.0-py2.py3-none-any.whl (60 kB)
2026-04-01 10:50:44,358 - INFO - Downloading pytz-2026.1.post1-py2.py3-none-any.whl (510 kB)
2026-04-01 10:50:44,375 - INFO - Downloading pyyaml-6.0.3-cp39-cp39-manylinux2014_x86_64.manylinux_2_17_x86_64.manylinux_2_28_x86_64.whl (750 kB)
2026-04-01 10:50:44,394 - INFO - ━━━━━━━━━━━━━━━━━━━━━━━━━━━━━━━━━━━━━━━━ 750.8/750.8 kB 31.5 MB/s  0:00:00
2026-04-01 10:50:44,395 - INFO - 
2026-04-01 10:50:44,402 - INFO - Downloading redis-7.0.1-py3-none-any.whl (339 kB)
2026-04-01 10:50:44,419 - INFO - Downloading selenium-4.36.0-py3-none-any.whl (9.6 MB)
2026-04-01 10:50:44,531 - INFO - ━━━━━━━━━━━━━━━━━━━━━━━━━━━━━━━━━━━━━━━━ 9.6/9.6 MB 87.0 MB/s  0:00:00
2026-04-01 10:50:44,531 - INFO - 
2026-04-01 10:50:44,539 - INFO - Downloading trio-0.31.0-py3-none-any.whl (512 kB)
2026-04-01 10:50:44,553 - INFO - Downloading trio_websocket-0.12.2-py3-none-any.whl (21 kB)
2026-04-01 10:50:44,562 - INFO - Downloading typing_extensions-4.15.0-py3-none-any.whl (44 kB)
2026-04-01 10:50:44,572 - INFO - Downloading PySocks-1.7.1-py3-none-any.whl (16 kB)
2026-04-01 10:50:44,583 - INFO - Downloading websocket_client-1.9.0-py3-none-any.whl (82 kB)
2026-04-01 10:50:44,604 - INFO - Downloading sqlparse-0.5.5-py3-none-any.whl (46 kB)
2026-04-01 10:50:44,619 - INFO - Downloading tblib-3.2.2-py3-none-any.whl (12 kB)
2026-04-01 10:50:44,631 - INFO - Downloading tzdata-2025.3-py2.py3-none-any.whl (348 kB)
2026-04-01 10:50:44,644 - INFO - Downloading aiohappyeyeballs-2.6.1-py3-none-any.whl (15 kB)
2026-04-01 10:50:44,659 - INFO - Downloading aiosignal-1.4.0-py3-none-any.whl (7.5 kB)
2026-04-01 10:50:44,669 - INFO - Downloading attrs-26.1.0-py3-none-any.whl (67 kB)
2026-04-01 10:50:44,683 - INFO - Downloading certifi-2026.2.25-py3-none-any.whl (153 kB)
2026-04-01 10:50:44,700 - INFO - Downloading click-8.1.8-py3-none-any.whl (98 kB)
2026-04-01 10:50:44,714 - INFO - Downloading frozenlist-1.8.0-cp39-cp39-manylinux1_x86_64.manylinux_2_28_x86_64.manylinux_2_5_x86_64.whl (219 kB)
2026-04-01 10:50:44,727 - INFO - Downloading markupsafe-3.0.3-cp39-cp39-manylinux2014_x86_64.manylinux_2_17_x86_64.manylinux_2_28_x86_64.whl (20 kB)
2026-04-01 10:50:44,741 - INFO - Downloading mypy_extensions-1.1.0-py3-none-any.whl (5.0 kB)
2026-04-01 10:50:44,753 - INFO - Downloading outcome-1.3.0.post0-py2.py3-none-any.whl (10 kB)
2026-04-01 10:50:44,760 - INFO - Using cached packaging-26.0-py3-none-any.whl (74 kB)
2026-04-01 10:50:44,770 - INFO - Downloading pathspec-1.0.4-py3-none-any.whl (55 kB)
2026-04-01 10:50:44,786 - INFO - Downloading platformdirs-4.4.0-py3-none-any.whl (18 kB)
2026-04-01 10:50:44,801 - INFO - Downloading propcache-0.4.1-cp39-cp39-manylinux2014_x86_64.manylinux_2_17_x86_64.manylinux_2_28_x86_64.whl (197 kB)
2026-04-01 10:50:44,815 - INFO - Downloading pytokens-0.4.1-cp39-cp39-manylinux2014_x86_64.manylinux_2_17_x86_64.manylinux_2_28_x86_64.whl (259 kB)
2026-04-01 10:50:44,829 - INFO - Downloading sniffio-1.3.1-py3-none-any.whl (10 kB)
2026-04-01 10:50:44,861 - INFO - Downloading tomli-2.4.1-py3-none-any.whl (14 kB)
2026-04-01 10:50:44,876 - INFO - Downloading wsproto-1.2.0-py3-none-any.whl (24 kB)
2026-04-01 10:50:44,888 - INFO - Downloading h11-0.16.0-py3-none-any.whl (37 kB)
2026-04-01 10:50:44,899 - INFO - Downloading argon2_cffi_bindings-25.1.0-cp39-abi3-manylinux_2_26_x86_64.manylinux_2_28_x86_64.whl (87 kB)
2026-04-01 10:50:44,915 - INFO - Downloading cffi-2.0.0-cp39-cp39-manylinux2014_x86_64.manylinux_2_17_x86_64.whl (216 kB)
2026-04-01 10:50:44,930 - INFO - Downloading atpublic-6.0.2-py3-none-any.whl (6.4 kB)
2026-04-01 10:50:44,955 - INFO - Downloading exceptiongroup-1.3.1-py3-none-any.whl (16 kB)
2026-04-01 10:50:44,978 - INFO - Downloading pycparser-2.23-py3-none-any.whl (118 kB)
2026-04-01 10:50:45,005 - INFO - Downloading sortedcontainers-2.4.0-py2.py3-none-any.whl (29 kB)
2026-04-01 10:50:45,110 - INFO - Building wheels for collected packages: pywatchman
2026-04-01 10:50:45,112 - INFO - Building wheel for pywatchman (pyproject.toml): started
2026-04-01 10:50:45,841 - INFO - Building wheel for pywatchman (pyproject.toml): finished with status 'done'
2026-04-01 10:50:45,842 - INFO - Created wheel for pywatchman: filename=pywatchman-3.0.0-cp39-cp39-linux_x86_64.whl size=54002 sha256=c02fd1b1bb66536a564757781c55771488eec448cdbf5ffdd7c4b5ccf7bdfaeb
  Stored in directory: /root/.cache/pip/wheels/2f/e8/88/d1f034d3586338c2fe282e48392926306d2eb47ea95c61d11e
2026-04-01 10:50:45,845 - INFO - Successfully built pywatchman
2026-04-01 10:50:45,932 - INFO - Installing collected packages: sortedcontainers, pytz, websocket-client, urllib3, tzdata, typing_extensions, tomli, tblib, sqlparse, sniffio, PyYAML, pywatchman, pytokens, pysocks, pymemcache, pylibmc, pycparser, propcache, platformdirs, Pillow, pathspec, packaging, numpy, mypy-extensions, maxminddb, MarkupSafe, idna, h11, frozenlist, docutils, click, charset_normalizer, certifi, bcrypt, attrs, atpublic, async-timeout, aiohappyeyeballs, wsproto, requests, redis, outcome, multidict, jinja2, exceptiongroup, cffi, black, asgiref, aiosmtpd, aiosignal, yarl, trio, argon2-cffi-bindings, trio-websocket, argon2-cffi, aiohttp, selenium, geoip2
2026-04-01 10:50:51,973 - INFO - 
2026-04-01 10:50:51,984 - INFO - Successfully installed MarkupSafe-3.0.3 Pillow-11.3.0 PyYAML-6.0.3 aiohappyeyeballs-2.6.1 aiohttp-3.13.5 aiosignal-1.4.0 aiosmtpd-1.4.6 argon2-cffi-25.1.0 argon2-cffi-bindings-25.1.0 asgiref-3.11.1 async-timeout-5.0.1 atpublic-6.0.2 attrs-26.1.0 bcrypt-5.0.0 black-25.11.0 certifi-2026.2.25 cffi-2.0.0 charset_normalizer-3.4.6 click-8.1.8 docutils-0.22.4 exceptiongroup-1.3.1 frozenlist-1.8.0 geoip2-5.1.0 h11-0.16.0 idna-3.11 jinja2-3.1.6 maxminddb-2.8.2 multidict-6.7.1 mypy-extensions-1.1.0 numpy-2.0.2 outcome-1.3.0.post0 packaging-26.0 pathspec-1.0.4 platformdirs-4.4.0 propcache-0.4.1 pycparser-2.23 pylibmc-1.6.3 pymemcache-4.0.0 pysocks-1.7.1 pytokens-0.4.1 pytz-2026.1.post1 pywatchman-3.0.0 redis-7.0.1 requests-2.32.5 selenium-4.36.0 sniffio-1.3.1 sortedcontainers-2.4.0 sqlparse-0.5.5 tblib-3.2.2 tomli-2.4.1 trio-0.31.0 trio-websocket-0.12.2 typing_extensions-4.15.0 tzdata-2025.3 urllib3-2.6.3 websocket-client-1.9.0 wsproto-1.2.0 yarl-1.22.0
2026-04-01 10:50:51,984 - INFO - WARNING: Running pip as the 'root' user can result in broken permissions and conflicting behaviour with the system package manager, possibly rendering your system unusable. It is recommended to use a virtual environment instead: https://pip.pypa.io/warnings/venv. Use the --root-user-action option if you know what you are doing and want to suppress this warning.
2026-04-01 10:50:53,025 - INFO - + rm /root/requirements.txt
2026-04-01 10:50:53,026 - INFO - + conda activate testbed
+ local cmd=activate
+ case "$cmd" in
+ __conda_activate activate testbed
2026-04-01 10:50:53,027 - INFO - + '[' -n '' ']'
+ local ask_conda
2026-04-01 10:50:53,027 - INFO - ++ PS1='(testbed) '
++ __conda_exe shell.posix activate testbed
2026-04-01 10:50:53,028 - INFO - ++ /opt/miniconda3/bin/conda shell.posix activate testbed
2026-04-01 10:50:53,153 - INFO - + ask_conda='PS1='\''(testbed) '\''
export PATH='\''/opt/miniconda3/envs/testbed/bin:/opt/miniconda3/condabin:/opt/miniconda3/bin:/usr/local/sbin:/usr/local/bin:/usr/sbin:/usr/bin:/sbin:/bin'\''
export CONDA_SHLVL='\''2'\''
export CONDA_PROMPT_MODIFIER='\''(testbed) '\'''
+ eval 'PS1='\''(testbed) '\''
export PATH='\''/opt/miniconda3/envs/testbed/bin:/opt/miniconda3/condabin:/opt/miniconda3/bin:/usr/local/sbin:/usr/local/bin:/usr/sbin:/usr/bin:/sbin:/bin'\''
export CONDA_SHLVL='\''2'\''
export CONDA_PROMPT_MODIFIER='\''(testbed) '\'''
++ PS1='(testbed) '
++ export PATH=/opt/miniconda3/envs/testbed/bin:/opt/miniconda3/condabin:/opt/miniconda3/bin:/usr/local/sbin:/usr/local/bin:/usr/sbin:/usr/bin:/sbin:/bin
++ PATH=/opt/miniconda3/envs/testbed/bin:/opt/miniconda3/condabin:/opt/miniconda3/bin:/usr/local/sbin:/usr/local/bin:/usr/sbin:/usr/bin:/sbin:/bin
++ export CONDA_SHLVL=2
++ CONDA_SHLVL=2
++ export 'CONDA_PROMPT_MODIFIER=(testbed) '
++ CONDA_PROMPT_MODIFIER='(testbed) '
+ __conda_hashr
2026-04-01 10:50:53,153 - INFO - + '[' -n '' ']'
+ '[' -n '' ']'
+ hash -r
2026-04-01 10:51:50,815 - INFO - ---> Removed intermediate container 1a1653b940f7
2026-04-01 10:51:50,815 - INFO - ---> a8fc6a416335
2026-04-01 10:51:50,815 - INFO - Step 6/7 : WORKDIR /testbed/
2026-04-01 10:51:50,815 - INFO - 
2026-04-01 10:51:52,626 - INFO - ---> Running in aaad7b90781a
2026-04-01 10:52:00,672 - INFO - ---> Removed intermediate container aaad7b90781a
2026-04-01 10:52:00,672 - INFO - ---> 9b4e9c6960ca
2026-04-01 10:52:00,672 - INFO - Step 7/7 : RUN echo "source /opt/miniconda3/etc/profile.d/conda.sh && conda activate testbed" > /root/.bashrc
2026-04-01 10:52:00,672 - INFO - 
2026-04-01 10:52:00,780 - INFO - ---> Running in 88e560e88d28
2026-04-01 10:52:12,376 - INFO - ---> Removed intermediate container 88e560e88d28
2026-04-01 10:52:12,376 - INFO - ---> 9a9923192753
2026-04-01 10:52:12,382 - INFO - Successfully built 9a9923192753
2026-04-01 10:52:12,396 - INFO - Successfully tagged sweb.env.py.x86_64.a33dddf55cdff5d8e23374:latest
2026-04-01 10:52:12,396 - INFO - Image built successfully!
