[2026-04-08 16:17:16] == P1.1 MiniMax Path 1 orchestrator starting ==
[2026-04-08 16:17:16] model=minimax-text-01
[2026-04-08 16:17:16] tasks=15 conditions=3 runs=45
[2026-04-08 16:17:16] jsonl=/root/hermes-workspace/borg/docs/20260408-1118_borg_roadmap/p1_minimax_results.jsonl
[2026-04-08 16:17:16] budget_hard=$5.0 budget_abort=$4.0
[2026-04-08 16:17:16] loading 18 tasks from SWE-bench Verified
[2026-04-08 16:17:19] loaded 18 task records from HF dataset
[2026-04-08 16:17:19] == Phase A-lite seeding ==
[2026-04-08 16:17:19]   SEEDING RUN: django__django-10973 (C2_borg_seeded)
[2026-04-08 16:18:03]     seeded: success=False borg_searches=1 cost=$0.0011 iters=2
[2026-04-08 16:18:03]   SEEDING RUN: django__django-11087 (C2_borg_seeded)
[2026-04-08 16:18:51]     seeded: success=False borg_searches=1 cost=$0.0013 iters=2
[2026-04-08 16:18:51]   SEEDING RUN: django__django-11265 (C2_borg_seeded)
[2026-04-08 16:19:19]     seeded: success=False borg_searches=1 cost=$0.0007 iters=2
[2026-04-08 16:19:19] seeding done: 3/3 runs attempted
[2026-04-08 16:19:27] borg search 'django' (head 10):
[2026-04-08 16:19:27]   No packs found.
[2026-04-08 16:19:27] == Main experiment: 45 runs ==
[2026-04-08 16:19:27] -- task 1/15 django__django-10554: order=['C0_no_borg', 'C1_borg_empty', 'C2_borg_seeded']
[2026-04-08 16:19:27] START run 1/45 [django__django-10554 / C0_no_borg]
[2026-04-08 16:20:06] DONE run 1/45 [django__django-10554 / C0_no_borg]: success=False borg_searches=0 iters=1 tokens=2076 cost=$0.00121 total=$0.0012 dt=39.1s
[2026-04-08 16:20:07] START run 2/45 [django__django-10554 / C1_borg_empty]
[2026-04-08 16:20:44] DONE run 2/45 [django__django-10554 / C1_borg_empty]: success=False borg_searches=1 iters=2 tokens=3138 cost=$0.00092 total=$0.0021 dt=37.4s
[2026-04-08 16:20:44] START run 3/45 [django__django-10554 / C2_borg_seeded]
[2026-04-08 16:21:14] DONE run 3/45 [django__django-10554 / C2_borg_seeded]: success=False borg_searches=1 iters=2 tokens=3215 cost=$0.00101 total=$0.0031 dt=29.8s
[2026-04-08 16:21:14] -- task 2/15 django__django-11138: order=['C1_borg_empty', 'C2_borg_seeded', 'C0_no_borg']
[2026-04-08 16:21:14] START run 4/45 [django__django-11138 / C1_borg_empty]
[2026-04-08 16:21:49] DONE run 4/45 [django__django-11138 / C1_borg_empty]: success=False borg_searches=1 iters=2 tokens=3076 cost=$0.00094 total=$0.0041 dt=35.2s
[2026-04-08 16:21:49] START run 5/45 [django__django-11138 / C2_borg_seeded]
[2026-04-08 16:22:20] DONE run 5/45 [django__django-11138 / C2_borg_seeded]: success=False borg_searches=1 iters=2 tokens=3066 cost=$0.00093 total=$0.0050 dt=30.6s
[2026-04-08 16:22:20] START run 6/45 [django__django-11138 / C0_no_borg]
[2026-04-08 16:22:45] DONE run 6/45 [django__django-11138 / C0_no_borg]: success=False borg_searches=0 iters=1 tokens=2014 cost=$0.00118 total=$0.0062 dt=26.0s
[2026-04-08 16:22:45] -- task 3/15 django__django-11400: order=['C2_borg_seeded', 'C0_no_borg', 'C1_borg_empty']
[2026-04-08 16:22:46] START run 7/45 [django__django-11400 / C2_borg_seeded]
[2026-04-08 16:23:27] DONE run 7/45 [django__django-11400 / C2_borg_seeded]: success=False borg_searches=1 iters=2 tokens=2208 cost=$0.00080 total=$0.0070 dt=41.1s
[2026-04-08 16:23:27] START run 8/45 [django__django-11400 / C0_no_borg]
[2026-04-08 16:23:38] DONE run 8/45 [django__django-11400 / C0_no_borg]: success=False borg_searches=0 iters=2 tokens=1529 cost=$0.00037 total=$0.0074 dt=11.6s
[2026-04-08 16:23:38] START run 9/45 [django__django-11400 / C1_borg_empty]
[2026-04-08 16:24:11] DONE run 9/45 [django__django-11400 / C1_borg_empty]: success=False borg_searches=1 iters=2 tokens=2205 cost=$0.00079 total=$0.0081 dt=33.0s
[2026-04-08 16:24:11] -- task 4/15 django__django-12708: order=['C0_no_borg', 'C1_borg_empty', 'C2_borg_seeded']
[2026-04-08 16:24:11] START run 10/45 [django__django-12708 / C0_no_borg]
[2026-04-08 16:24:47] DONE run 10/45 [django__django-12708 / C0_no_borg]: success=False borg_searches=0 iters=1 tokens=1608 cost=$0.00115 total=$0.0093 dt=35.9s
[2026-04-08 16:24:47] PROGRESS: 10/45 done, success=0, skipped=0, crashed=0, cost=$0.0093
[2026-04-08 16:24:47] START run 11/45 [django__django-12708 / C1_borg_empty]
[2026-04-08 16:25:19] DONE run 11/45 [django__django-12708 / C1_borg_empty]: success=False borg_searches=1 iters=2 tokens=2188 cost=$0.00079 total=$0.0101 dt=32.4s
[2026-04-08 16:25:19] START run 12/45 [django__django-12708 / C2_borg_seeded]
[2026-04-08 16:25:50] DONE run 12/45 [django__django-12708 / C2_borg_seeded]: success=False borg_searches=1 iters=2 tokens=2216 cost=$0.00082 total=$0.0109 dt=30.3s
[2026-04-08 16:25:50] -- task 5/15 django__django-12754: order=['C1_borg_empty', 'C2_borg_seeded', 'C0_no_borg']
[2026-04-08 16:25:50] START run 13/45 [django__django-12754 / C1_borg_empty]
[2026-04-08 16:26:21] DONE run 13/45 [django__django-12754 / C1_borg_empty]: success=False borg_searches=1 iters=2 tokens=1899 cost=$0.00056 total=$0.0115 dt=30.9s
[2026-04-08 16:26:21] START run 14/45 [django__django-12754 / C2_borg_seeded]
[2026-04-08 16:26:46] DONE run 14/45 [django__django-12754 / C2_borg_seeded]: success=False borg_searches=1 iters=2 tokens=2046 cost=$0.00072 total=$0.0122 dt=25.5s
[2026-04-08 16:26:46] START run 15/45 [django__django-12754 / C0_no_borg]
[2026-04-08 16:27:14] DONE run 15/45 [django__django-12754 / C0_no_borg]: success=False borg_searches=0 iters=1 tokens=1461 cost=$0.00103 total=$0.0132 dt=28.0s
[2026-04-08 16:27:14] -- task 6/15 django__django-13212: order=['C2_borg_seeded', 'C0_no_borg', 'C1_borg_empty']
[2026-04-08 16:27:14] START run 16/45 [django__django-13212 / C2_borg_seeded]
[2026-04-08 16:28:04] DONE run 16/45 [django__django-13212 / C2_borg_seeded]: success=False borg_searches=1 iters=2 tokens=2592 cost=$0.00133 total=$0.0145 dt=50.2s
[2026-04-08 16:28:04] START run 17/45 [django__django-13212 / C0_no_borg]
[2026-04-08 16:28:20] DONE run 17/45 [django__django-13212 / C0_no_borg]: success=False borg_searches=0 iters=2 tokens=1742 cost=$0.00056 total=$0.0151 dt=16.2s
[2026-04-08 16:28:20] START run 18/45 [django__django-13212 / C1_borg_empty]
[2026-04-08 16:28:46] DONE run 18/45 [django__django-13212 / C1_borg_empty]: success=False borg_searches=1 iters=2 tokens=1900 cost=$0.00057 total=$0.0157 dt=25.3s
[2026-04-08 16:28:46] -- task 7/15 django__django-13344: order=['C0_no_borg', 'C1_borg_empty', 'C2_borg_seeded']
[2026-04-08 16:28:46] START run 19/45 [django__django-13344 / C0_no_borg]
[2026-04-08 16:29:00] DONE run 19/45 [django__django-13344 / C0_no_borg]: success=False borg_searches=0 iters=2 tokens=1643 cost=$0.00039 total=$0.0161 dt=14.6s
[2026-04-08 16:29:00] START run 20/45 [django__django-13344 / C1_borg_empty]
[2026-04-08 16:29:40] DONE run 20/45 [django__django-13344 / C1_borg_empty]: success=False borg_searches=1 iters=2 tokens=2730 cost=$0.00127 total=$0.0173 dt=39.4s
[2026-04-08 16:29:40] PROGRESS: 20/45 done, success=0, skipped=0, crashed=0, cost=$0.0173
[2026-04-08 16:29:40] START run 21/45 [django__django-13344 / C2_borg_seeded]
[2026-04-08 16:30:08] DONE run 21/45 [django__django-13344 / C2_borg_seeded]: success=False borg_searches=1 iters=2 tokens=2254 cost=$0.00074 total=$0.0181 dt=28.3s
[2026-04-08 16:30:08] -- task 8/15 django__django-14631: order=['C1_borg_empty', 'C2_borg_seeded', 'C0_no_borg']
[2026-04-08 16:30:08] START run 22/45 [django__django-14631 / C1_borg_empty]
[2026-04-08 16:30:46] DONE run 22/45 [django__django-14631 / C1_borg_empty]: success=False borg_searches=1 iters=2 tokens=2293 cost=$0.00078 total=$0.0189 dt=38.1s
[2026-04-08 16:30:46] START run 23/45 [django__django-14631 / C2_borg_seeded]
[2026-04-08 16:31:32] DONE run 23/45 [django__django-14631 / C2_borg_seeded]: success=False borg_searches=1 iters=2 tokens=3054 cost=$0.00161 total=$0.0205 dt=45.9s
[2026-04-08 16:31:32] START run 24/45 [django__django-14631 / C0_no_borg]
[2026-04-08 16:32:04] DONE run 24/45 [django__django-14631 / C0_no_borg]: success=False borg_searches=0 iters=1 tokens=1754 cost=$0.00124 total=$0.0217 dt=31.6s
[2026-04-08 16:32:04] -- task 9/15 django__django-15128: order=['C2_borg_seeded', 'C0_no_borg', 'C1_borg_empty']
[2026-04-08 16:32:04] START run 25/45 [django__django-15128 / C2_borg_seeded]
[2026-04-08 16:32:46] DONE run 25/45 [django__django-15128 / C2_borg_seeded]: success=False borg_searches=1 iters=2 tokens=3311 cost=$0.00130 total=$0.0230 dt=42.3s
[2026-04-08 16:32:46] START run 26/45 [django__django-15128 / C0_no_borg]
[2026-04-08 16:33:11] DONE run 26/45 [django__django-15128 / C0_no_borg]: success=False borg_searches=0 iters=1 tokens=1863 cost=$0.00107 total=$0.0241 dt=25.1s
[2026-04-08 16:33:11] START run 27/45 [django__django-15128 / C1_borg_empty]
[2026-04-08 16:33:54] DONE run 27/45 [django__django-15128 / C1_borg_empty]: success=False borg_searches=1 iters=2 tokens=3681 cost=$0.00171 total=$0.0258 dt=42.8s
[2026-04-08 16:33:54] -- task 10/15 django__django-15252: order=['C0_no_borg', 'C1_borg_empty', 'C2_borg_seeded']
[2026-04-08 16:33:54] START run 28/45 [django__django-15252 / C0_no_borg]
[2026-04-08 16:34:31] DONE run 28/45 [django__django-15252 / C0_no_borg]: success=False borg_searches=0 iters=1 tokens=1704 cost=$0.00113 total=$0.0269 dt=36.7s
[2026-04-08 16:34:31] START run 29/45 [django__django-15252 / C1_borg_empty]
[2026-04-08 16:35:01] DONE run 29/45 [django__django-15252 / C1_borg_empty]: success=False borg_searches=1 iters=2 tokens=2481 cost=$0.00086 total=$0.0278 dt=30.3s
[2026-04-08 16:35:01] START run 30/45 [django__django-15252 / C2_borg_seeded]
[2026-04-08 16:35:39] DONE run 30/45 [django__django-15252 / C2_borg_seeded]: success=False borg_searches=1 iters=2 tokens=2628 cost=$0.00103 total=$0.0288 dt=38.1s
[2026-04-08 16:35:39] PROGRESS: 30/45 done, success=0, skipped=0, crashed=0, cost=$0.0288
[2026-04-08 16:35:39] -- task 11/15 django__django-15503: order=['C1_borg_empty', 'C2_borg_seeded', 'C0_no_borg']
[2026-04-08 16:35:39] START run 31/45 [django__django-15503 / C1_borg_empty]
[2026-04-08 16:36:23] DONE run 31/45 [django__django-15503 / C1_borg_empty]: success=False borg_searches=1 iters=2 tokens=3077 cost=$0.00125 total=$0.0301 dt=43.4s
[2026-04-08 16:36:23] START run 32/45 [django__django-15503 / C2_borg_seeded]
[2026-04-08 16:37:07] DONE run 32/45 [django__django-15503 / C2_borg_seeded]: success=False borg_searches=1 iters=2 tokens=3261 cost=$0.00145 total=$0.0315 dt=44.8s
[2026-04-08 16:37:07] START run 33/45 [django__django-15503 / C0_no_borg]
[2026-04-08 16:37:35] DONE run 33/45 [django__django-15503 / C0_no_borg]: success=False borg_searches=0 iters=1 tokens=1814 cost=$0.00112 total=$0.0326 dt=27.4s
[2026-04-08 16:37:35] -- task 12/15 django__django-15957: order=['C2_borg_seeded', 'C0_no_borg', 'C1_borg_empty']
[2026-04-08 16:37:35] START run 34/45 [django__django-15957 / C2_borg_seeded]
[2026-04-08 16:38:20] DONE run 34/45 [django__django-15957 / C2_borg_seeded]: success=False borg_searches=1 iters=2 tokens=2640 cost=$0.00131 total=$0.0339 dt=45.1s
[2026-04-08 16:38:20] START run 35/45 [django__django-15957 / C0_no_borg]
[2026-04-08 16:38:48] DONE run 35/45 [django__django-15957 / C0_no_borg]: success=False borg_searches=0 iters=1 tokens=1457 cost=$0.00099 total=$0.0349 dt=28.1s
[2026-04-08 16:38:48] START run 36/45 [django__django-15957 / C1_borg_empty]
[2026-04-08 16:39:24] DONE run 36/45 [django__django-15957 / C1_borg_empty]: success=False borg_searches=1 iters=2 tokens=2137 cost=$0.00076 total=$0.0357 dt=36.3s
[2026-04-08 16:39:24] -- task 13/15 django__django-16263: order=['C0_no_borg', 'C1_borg_empty', 'C2_borg_seeded']
[2026-04-08 16:39:24] START run 37/45 [django__django-16263 / C0_no_borg]
[2026-04-08 16:40:07] DONE run 37/45 [django__django-16263 / C0_no_borg]: success=False borg_searches=0 iters=1 tokens=1564 cost=$0.00117 total=$0.0368 dt=42.3s
[2026-04-08 16:40:07] START run 38/45 [django__django-16263 / C1_borg_empty]
[2026-04-08 16:40:44] DONE run 38/45 [django__django-16263 / C1_borg_empty]: success=False borg_searches=1 iters=2 tokens=2008 cost=$0.00073 total=$0.0376 dt=36.9s
[2026-04-08 16:40:44] START run 39/45 [django__django-16263 / C2_borg_seeded]
[2026-04-08 16:41:12] DONE run 39/45 [django__django-16263 / C2_borg_seeded]: success=False borg_searches=1 iters=2 tokens=1909 cost=$0.00062 total=$0.0382 dt=28.0s
[2026-04-08 16:41:12] -- task 14/15 django__django-16560: order=['C1_borg_empty', 'C2_borg_seeded', 'C0_no_borg']
[2026-04-08 16:41:12] START run 40/45 [django__django-16560 / C1_borg_empty]
[2026-04-08 16:41:48] DONE run 40/45 [django__django-16560 / C1_borg_empty]: success=False borg_searches=1 iters=2 tokens=2208 cost=$0.00072 total=$0.0389 dt=36.4s
[2026-04-08 16:41:48] PROGRESS: 40/45 done, success=0, skipped=0, crashed=0, cost=$0.0389
[2026-04-08 16:41:48] START run 41/45 [django__django-16560 / C2_borg_seeded]
[2026-04-08 16:42:27] DONE run 41/45 [django__django-16560 / C2_borg_seeded]: success=False borg_searches=1 iters=2 tokens=2550 cost=$0.00109 total=$0.0400 dt=38.6s
[2026-04-08 16:42:27] START run 42/45 [django__django-16560 / C0_no_borg]
[2026-04-08 16:43:04] DONE run 42/45 [django__django-16560 / C0_no_borg]: success=False borg_searches=0 iters=1 tokens=1837 cost=$0.00135 total=$0.0414 dt=37.2s
[2026-04-08 16:43:04] -- task 15/15 django__django-16631: order=['C2_borg_seeded', 'C0_no_borg', 'C1_borg_empty']
[2026-04-08 16:43:04] START run 43/45 [django__django-16631 / C2_borg_seeded]
[2026-04-08 16:43:43] DONE run 43/45 [django__django-16631 / C2_borg_seeded]: success=False borg_searches=1 iters=2 tokens=2108 cost=$0.00079 total=$0.0421 dt=39.6s
[2026-04-08 16:43:43] START run 44/45 [django__django-16631 / C0_no_borg]
[2026-04-08 16:44:25] DONE run 44/45 [django__django-16631 / C0_no_borg]: success=False borg_searches=0 iters=1 tokens=1780 cost=$0.00138 total=$0.0435 dt=41.4s
[2026-04-08 16:44:25] START run 45/45 [django__django-16631 / C1_borg_empty]
[2026-04-08 16:44:55] DONE run 45/45 [django__django-16631 / C1_borg_empty]: success=False borg_searches=1 iters=2 tokens=2078 cost=$0.00075 total=$0.0443 dt=30.1s
[2026-04-08 16:44:55] == DONE ==
[2026-04-08 16:44:55] runs_completed=45/45 success=0 skipped=0 crashed=0 total_cost=$0.0443
[2026-04-08 16:44:55]   C0_no_borg: done=15 success=0 skipped=0 crashed=0
[2026-04-08 16:44:55]   C1_borg_empty: done=15 success=0 skipped=0 crashed=0
[2026-04-08 16:44:55]   C2_borg_seeded: done=15 success=0 skipped=0 crashed=0
[2026-04-08 16:44:55] budget_aborted=False invariant_fired=False
