2026-04-01 10:26:52,063 - INFO - Building image sweb.env.py.x86_64.c70909fdac4897d1c685df:latest
Using dockerfile:
FROM --platform=linux/x86_64 sweb.base.py.x86_64:latest

COPY ./setup_env.sh /root/
RUN sed -i -e 's/\r$//' /root/setup_env.sh
RUN chmod +x /root/setup_env.sh
RUN /bin/bash -c "source ~/.bashrc && /root/setup_env.sh"

WORKDIR /testbed/

# Automatically activate the testbed environment
RUN echo "source /opt/miniconda3/etc/profile.d/conda.sh && conda activate testbed" > /root/.bashrc

Adding (1) setup scripts to image build repo
2026-04-01 10:26:52,063 - INFO - [SETUP SCRIPT] setup_env.sh:
#!/bin/bash
set -euxo pipefail
source /opt/miniconda3/bin/activate
conda create -n testbed python=3.11 -y
cat <<'EOF_59812759871' > $HOME/requirements.txt
aiosmtpd
asgiref >= 3.7.0
argon2-cffi >= 19.2.0
bcrypt
black
docutils
geoip2; python_version < '3.12'
jinja2 >= 2.11.0
numpy; python_version < '3.12'
Pillow >= 6.2.1; sys.platform != 'win32' or python_version < '3.12'
pylibmc; sys.platform != 'win32'
pymemcache >= 3.4.0
pywatchman; sys.platform != 'win32'
PyYAML
redis >= 3.4.0
selenium >= 4.8.0
sqlparse >= 0.3.1
tblib >= 1.5.0
tzdata
colorama; sys.platform == 'win32'

EOF_59812759871
conda activate testbed && python -m pip install -r $HOME/requirements.txt
rm $HOME/requirements.txt
conda activate testbed

2026-04-01 10:26:52,063 - INFO - Building docker image sweb.env.py.x86_64.c70909fdac4897d1c685df:latest in logs/build_images/env/sweb.env.py.x86_64.c70909fdac4897d1c685df__latest with platform linux/x86_64
2026-04-01 10:26:52,069 - INFO - Step 1/7 : FROM --platform=linux/x86_64 sweb.base.py.x86_64:latest
2026-04-01 10:26:52,069 - INFO - 
2026-04-01 10:26:52,086 - INFO - ---> 747b24082849
2026-04-01 10:26:52,086 - INFO - Step 2/7 : COPY ./setup_env.sh /root/
2026-04-01 10:26:52,086 - INFO - 
2026-04-01 10:26:59,662 - INFO - ---> e083c94f3aa1
2026-04-01 10:26:59,663 - INFO - Step 3/7 : RUN sed -i -e 's/\r$//' /root/setup_env.sh
2026-04-01 10:26:59,663 - INFO - 
2026-04-01 10:26:59,747 - INFO - ---> Running in 6c1d1607867d
2026-04-01 10:27:10,624 - INFO - ---> Removed intermediate container 6c1d1607867d
2026-04-01 10:27:10,624 - INFO - ---> 050c660e9239
2026-04-01 10:27:10,624 - INFO - Step 4/7 : RUN chmod +x /root/setup_env.sh
2026-04-01 10:27:10,624 - INFO - 
2026-04-01 10:27:10,714 - INFO - ---> Running in 22ee34715b2c
2026-04-01 10:27:18,479 - INFO - ---> Removed intermediate container 22ee34715b2c
2026-04-01 10:27:18,479 - INFO - ---> 90b0e1a948e7
2026-04-01 10:27:18,479 - INFO - Step 5/7 : RUN /bin/bash -c "source ~/.bashrc && /root/setup_env.sh"
2026-04-01 10:27:18,479 - INFO - 
2026-04-01 10:27:18,561 - INFO - ---> Running in f5517fc9867b
2026-04-01 10:27:18,751 - INFO - + source /opt/miniconda3/bin/activate
2026-04-01 10:27:18,752 - INFO - ++ _CONDA_ROOT=/opt/miniconda3
++ . /opt/miniconda3/etc/profile.d/conda.sh
+++ export CONDA_EXE=/opt/miniconda3/bin/conda
+++ CONDA_EXE=/opt/miniconda3/bin/conda
+++ export _CE_M=
+++ _CE_M=
+++ export _CE_CONDA=
+++ _CE_CONDA=
+++ export CONDA_PYTHON_EXE=/opt/miniconda3/bin/python
+++ CONDA_PYTHON_EXE=/opt/miniconda3/bin/python
2026-04-01 10:27:18,752 - INFO - +++ '[' -z '' ']'
+++ export CONDA_SHLVL=0
+++ CONDA_SHLVL=0
+++ '[' -n '' ']'
2026-04-01 10:27:18,753 - INFO - +++++ dirname /opt/miniconda3/bin/conda
2026-04-01 10:27:18,754 - INFO - ++++ dirname /opt/miniconda3/bin
2026-04-01 10:27:18,755 - INFO - +++ PATH=/opt/miniconda3/condabin:/opt/miniconda3/bin:/usr/local/sbin:/usr/local/bin:/usr/sbin:/usr/bin:/sbin:/bin
+++ export PATH
+++ '[' -z '' ']'
+++ PS1=
++ conda activate
++ local cmd=activate
++ case "$cmd" in
++ __conda_activate activate
2026-04-01 10:27:18,755 - INFO - ++ '[' -n '' ']'
++ local ask_conda
2026-04-01 10:27:18,756 - INFO - +++ PS1=
+++ __conda_exe shell.posix activate
2026-04-01 10:27:18,756 - INFO - +++ /opt/miniconda3/bin/conda shell.posix activate
2026-04-01 10:27:18,904 - INFO - ++ ask_conda='PS1='\''(base) '\''
export PATH='\''/opt/miniconda3/bin:/opt/miniconda3/condabin:/opt/miniconda3/bin:/usr/local/sbin:/usr/local/bin:/usr/sbin:/usr/bin:/sbin:/bin'\''
export CONDA_PREFIX='\''/opt/miniconda3'\''
export CONDA_SHLVL='\''1'\''
export CONDA_DEFAULT_ENV='\''base'\''
export CONDA_PROMPT_MODIFIER='\''(base) '\''
export CONDA_EXE='\''/opt/miniconda3/bin/conda'\''
export _CE_M='\'''\''
export _CE_CONDA='\'''\''
export CONDA_PYTHON_EXE='\''/opt/miniconda3/bin/python'\'''
++ eval 'PS1='\''(base) '\''
export PATH='\''/opt/miniconda3/bin:/opt/miniconda3/condabin:/opt/miniconda3/bin:/usr/local/sbin:/usr/local/bin:/usr/sbin:/usr/bin:/sbin:/bin'\''
export CONDA_PREFIX='\''/opt/miniconda3'\''
export CONDA_SHLVL='\''1'\''
export CONDA_DEFAULT_ENV='\''base'\''
export CONDA_PROMPT_MODIFIER='\''(base) '\''
export CONDA_EXE='\''/opt/miniconda3/bin/conda'\''
export _CE_M='\'''\''
export _CE_CONDA='\'''\''
export CONDA_PYTHON_EXE='\''/opt/miniconda3/bin/python'\'''
+++ PS1='(base) '
+++ export PATH=/opt/miniconda3/bin:/opt/miniconda3/condabin:/opt/miniconda3/bin:/usr/local/sbin:/usr/local/bin:/usr/sbin:/usr/bin:/sbin:/bin
+++ PATH=/opt/miniconda3/bin:/opt/miniconda3/condabin:/opt/miniconda3/bin:/usr/local/sbin:/usr/local/bin:/usr/sbin:/usr/bin:/sbin:/bin
+++ export CONDA_PREFIX=/opt/miniconda3
+++ CONDA_PREFIX=/opt/miniconda3
+++ export CONDA_SHLVL=1
+++ CONDA_SHLVL=1
+++ export CONDA_DEFAULT_ENV=base
+++ CONDA_DEFAULT_ENV=base
+++ export 'CONDA_PROMPT_MODIFIER=(base) '
+++ CONDA_PROMPT_MODIFIER='(base) '
+++ export CONDA_EXE=/opt/miniconda3/bin/conda
+++ CONDA_EXE=/opt/miniconda3/bin/conda
+++ export _CE_M=
+++ _CE_M=
+++ export _CE_CONDA=
+++ _CE_CONDA=
+++ export CONDA_PYTHON_EXE=/opt/miniconda3/bin/python
+++ CONDA_PYTHON_EXE=/opt/miniconda3/bin/python
++ __conda_hashr
2026-04-01 10:27:18,905 - INFO - ++ '[' -n '' ']'
++ '[' -n '' ']'
++ hash -r
+ conda create -n testbed python=3.11 -y
+ local cmd=create
+ case "$cmd" in
+ __conda_exe create -n testbed python=3.11 -y
2026-04-01 10:27:18,905 - INFO - + /opt/miniconda3/bin/conda create -n testbed python=3.11 -y
2026-04-01 10:27:19,601 - INFO - Channels:
 - defaults
 - conda-forge
Platform: linux-64
Collecting package metadata (repodata.json): ...working...
2026-04-01 10:29:29,482 - INFO - done
Solving environment: ...working...
2026-04-01 10:29:31,288 - INFO - done
2026-04-01 10:29:37,469 - INFO - ## Package Plan ##

  environment location: /opt/miniconda3/envs/testbed

  added / updated specs:
    - python=3.11


The following packages will be downloaded:

    package                    |            build
    ---------------------------|-----------------
    bzip2-1.0.8                |       h5eee18b_6         262 KB
    ca-certificates-2026.3.19  |       h06a4308_0         126 KB
    ld_impl_linux-64-2.44      |       h9e0c5a2_3         725 KB
    libexpat-2.7.5             |       h7354ed3_0         122 KB
    libffi-3.4.4               |       h6a678d5_1         141 KB
    libgcc-15.2.0              |       h69a1729_7         806 KB
    libgcc-ng-15.2.0           |       h166f726_7          28 KB
    libgomp-15.2.0             |       h4751f2c_7         436 KB
    libnsl-2.0.0               |       h5eee18b_0          31 KB
    libstdcxx-15.2.0           |       h39759b7_7         3.7 MB
    libstdcxx-ng-15.2.0        |       hc03a8fd_7          28 KB
    libxcb-1.17.0              |       h9b100fa_0         430 KB
    libzlib-1.3.1              |       hb25bd0a_0          59 KB
    ncurses-6.5                |       h7934f7d_0         1.1 MB
    openssl-3.5.5              |       h1b28b03_0         5.5 MB
    packaging-26.0             |  py311h06a4308_0         197 KB
    pip-26.0.1                 |     pyhc872135_1         1.1 MB
    pthread-stubs-0.3          |       h0ce48e5_1           5 KB
    python-3.11.15             |       h741d88c_0        29.5 MB
    readline-8.3               |       hc2a1206_0         471 KB
    setuptools-80.10.2         |  py311h06a4308_0         1.7 MB
    sqlite-3.51.2              |       h3e8d24a_0         1.2 MB
    tk-8.6.15                  |       h54e0aa7_0         3.4 MB
    tzdata-2026a               |       he532380_0         117 KB
    wheel-0.46.3               |  py311h06a4308_0          71 KB
    xorg-libx11-1.8.12         |       h9b100fa_1         895 KB
    xorg-libxau-1.0.12         |       h9b100fa_0          13 KB
    xorg-libxdmcp-1.1.5        |       h9b100fa_0          19 KB
    xorg-xorgproto-2024.1      |       h5eee18b_1         580 KB
    xz-5.8.2                   |       h448239c_0         621 KB
    zlib-1.3.1                 |       hb25bd0a_0          96 KB
    ------------------------------------------------------------
                                           Total:        53.4 MB

The following NEW packages will be INSTALLED:

  _libgcc_mutex      pkgs/main/linux-64::_libgcc_mutex-0.1-main 
  _openmp_mutex      pkgs/main/linux-64::_openmp_mutex-5.1-1_gnu 
  bzip2              pkgs/main/linux-64::bzip2-1.0.8-h5eee18b_6 
  ca-certificates    pkgs/main/linux-64::ca-certificates-2026.3.19-h06a4308_0 
  ld_impl_linux-64   pkgs/main/linux-64::ld_impl_linux-64-2.44-h9e0c5a2_3 
  libexpat           pkgs/main/linux-64::libexpat-2.7.5-h7354ed3_0 
  libffi             pkgs/main/linux-64::libffi-3.4.4-h6a678d5_1 
  libgcc             pkgs/main/linux-64::libgcc-15.2.0-h69a1729_7 
  libgcc-ng          pkgs/main/linux-64::libgcc-ng-15.2.0-h166f726_7 
  libgomp            pkgs/main/linux-64::libgomp-15.2.0-h4751f2c_7 
  libnsl             pkgs/main/linux-64::libnsl-2.0.0-h5eee18b_0 
  libstdcxx          pkgs/main/linux-64::libstdcxx-15.2.0-h39759b7_7 
  libstdcxx-ng       pkgs/main/linux-64::libstdcxx-ng-15.2.0-hc03a8fd_7 
  libuuid            pkgs/main/linux-64::libuuid-1.41.5-h5eee18b_0 
  libxcb             pkgs/main/linux-64::libxcb-1.17.0-h9b100fa_0 
  libzlib            pkgs/main/linux-64::libzlib-1.3.1-hb25bd0a_0 
  ncurses            pkgs/main/linux-64::ncurses-6.5-h7934f7d_0 
  openssl            pkgs/main/linux-64::openssl-3.5.5-h1b28b03_0 
  packaging          pkgs/main/linux-64::packaging-26.0-py311h06a4308_0 
  pip                pkgs/main/noarch::pip-26.0.1-pyhc872135_1 
  pthread-stubs      pkgs/main/linux-64::pthread-stubs-0.3-h0ce48e5_1 
  python             pkgs/main/linux-64::python-3.11.15-h741d88c_0 
  readline           pkgs/main/linux-64::readline-8.3-hc2a1206_0 
  setuptools         pkgs/main/linux-64::setuptools-80.10.2-py311h06a4308_0 
  sqlite             pkgs/main/linux-64::sqlite-3.51.2-h3e8d24a_0 
  tk                 pkgs/main/linux-64::tk-8.6.15-h54e0aa7_0 
  tzdata             pkgs/main/noarch::tzdata-2026a-he532380_0 
  wheel              pkgs/main/linux-64::wheel-0.46.3-py311h06a4308_0 
  xorg-libx11        pkgs/main/linux-64::xorg-libx11-1.8.12-h9b100fa_1 
  xorg-libxau        pkgs/main/linux-64::xorg-libxau-1.0.12-h9b100fa_0 
  xorg-libxdmcp      pkgs/main/linux-64::xorg-libxdmcp-1.1.5-h9b100fa_0 
  xorg-xorgproto     pkgs/main/linux-64::xorg-xorgproto-2024.1-h5eee18b_1 
  xz                 pkgs/main/linux-64::xz-5.8.2-h448239c_0 
  zlib               pkgs/main/linux-64::zlib-1.3.1-hb25bd0a_0 



Downloading and Extracting Packages: ...working... done
Preparing transaction: ...working...
2026-04-01 10:29:37,739 - INFO - done
Verifying transaction: ...working...
2026-04-01 10:29:39,238 - INFO - done
2026-04-01 10:29:39,240 - INFO - Executing transaction: ...working...
2026-04-01 10:29:41,393 - INFO - done
2026-04-01 10:29:41,444 - INFO - #
# To activate this environment, use
#
#     $ conda activate testbed
#
# To deactivate an active environment, use
#
#     $ conda deactivate
2026-04-01 10:29:41,594 - INFO - + cat
2026-04-01 10:29:41,598 - INFO - + conda activate testbed
+ local cmd=activate
+ case "$cmd" in
+ __conda_activate activate testbed
+ '[' -n '' ']'
+ local ask_conda
++ PS1='(base) '
++ __conda_exe shell.posix activate testbed
2026-04-01 10:29:41,600 - INFO - ++ /opt/miniconda3/bin/conda shell.posix activate testbed
2026-04-01 10:29:41,766 - INFO - + ask_conda='PS1='\''(testbed) '\''
export PATH='\''/opt/miniconda3/envs/testbed/bin:/opt/miniconda3/condabin:/opt/miniconda3/bin:/usr/local/sbin:/usr/local/bin:/usr/sbin:/usr/bin:/sbin:/bin'\''
export CONDA_PREFIX='\''/opt/miniconda3/envs/testbed'\''
export CONDA_SHLVL='\''2'\''
export CONDA_DEFAULT_ENV='\''testbed'\''
export CONDA_PROMPT_MODIFIER='\''(testbed) '\''
export CONDA_PREFIX_1='\''/opt/miniconda3'\''
export CONDA_EXE='\''/opt/miniconda3/bin/conda'\''
export _CE_M='\'''\''
export _CE_CONDA='\'''\''
export CONDA_PYTHON_EXE='\''/opt/miniconda3/bin/python'\'''
+ eval 'PS1='\''(testbed) '\''
export PATH='\''/opt/miniconda3/envs/testbed/bin:/opt/miniconda3/condabin:/opt/miniconda3/bin:/usr/local/sbin:/usr/local/bin:/usr/sbin:/usr/bin:/sbin:/bin'\''
export CONDA_PREFIX='\''/opt/miniconda3/envs/testbed'\''
export CONDA_SHLVL='\''2'\''
export CONDA_DEFAULT_ENV='\''testbed'\''
export CONDA_PROMPT_MODIFIER='\''(testbed) '\''
export CONDA_PREFIX_1='\''/opt/miniconda3'\''
export CONDA_EXE='\''/opt/miniconda3/bin/conda'\''
export _CE_M='\'''\''
export _CE_CONDA='\'''\''
export CONDA_PYTHON_EXE='\''/opt/miniconda3/bin/python'\'''
++ PS1='(testbed) '
++ export PATH=/opt/miniconda3/envs/testbed/bin:/opt/miniconda3/condabin:/opt/miniconda3/bin:/usr/local/sbin:/usr/local/bin:/usr/sbin:/usr/bin:/sbin:/bin
++ PATH=/opt/miniconda3/envs/testbed/bin:/opt/miniconda3/condabin:/opt/miniconda3/bin:/usr/local/sbin:/usr/local/bin:/usr/sbin:/usr/bin:/sbin:/bin
++ export CONDA_PREFIX=/opt/miniconda3/envs/testbed
++ CONDA_PREFIX=/opt/miniconda3/envs/testbed
++ export CONDA_SHLVL=2
++ CONDA_SHLVL=2
++ export CONDA_DEFAULT_ENV=testbed
++ CONDA_DEFAULT_ENV=testbed
++ export 'CONDA_PROMPT_MODIFIER=(testbed) '
++ CONDA_PROMPT_MODIFIER='(testbed) '
++ export CONDA_PREFIX_1=/opt/miniconda3
++ CONDA_PREFIX_1=/opt/miniconda3
++ export CONDA_EXE=/opt/miniconda3/bin/conda
++ CONDA_EXE=/opt/miniconda3/bin/conda
++ export _CE_M=
++ _CE_M=
++ export _CE_CONDA=
++ _CE_CONDA=
++ export CONDA_PYTHON_EXE=/opt/miniconda3/bin/python
++ CONDA_PYTHON_EXE=/opt/miniconda3/bin/python
+ __conda_hashr
2026-04-01 10:29:41,766 - INFO - + '[' -n '' ']'
+ '[' -n '' ']'
+ hash -r
+ python -m pip install -r /root/requirements.txt
2026-04-01 10:29:42,103 - INFO - Ignoring colorama: markers 'sys_platform == "win32"' don't match your environment
2026-04-01 10:29:42,167 - INFO - Collecting aiosmtpd (from -r /root/requirements.txt (line 1))
2026-04-01 10:29:42,214 - INFO - Downloading aiosmtpd-1.4.6-py3-none-any.whl.metadata (6.6 kB)
2026-04-01 10:29:42,249 - INFO - Collecting asgiref>=3.7.0 (from -r /root/requirements.txt (line 2))
2026-04-01 10:29:42,254 - INFO - Downloading asgiref-3.11.1-py3-none-any.whl.metadata (9.3 kB)
2026-04-01 10:29:42,294 - INFO - Collecting argon2-cffi>=19.2.0 (from -r /root/requirements.txt (line 3))
2026-04-01 10:29:42,300 - INFO - Downloading argon2_cffi-25.1.0-py3-none-any.whl.metadata (4.1 kB)
2026-04-01 10:29:42,357 - INFO - Collecting bcrypt (from -r /root/requirements.txt (line 4))
2026-04-01 10:29:42,361 - INFO - Downloading bcrypt-5.0.0-cp39-abi3-manylinux_2_34_x86_64.whl.metadata (10 kB)
2026-04-01 10:29:42,488 - INFO - Collecting black (from -r /root/requirements.txt (line 5))
2026-04-01 10:29:42,495 - INFO - Downloading black-26.3.1-cp311-cp311-manylinux2014_x86_64.manylinux_2_17_x86_64.manylinux_2_28_x86_64.whl.metadata (91 kB)
2026-04-01 10:29:42,637 - INFO - Collecting docutils (from -r /root/requirements.txt (line 6))
2026-04-01 10:29:42,644 - INFO - Downloading docutils-0.22.4-py3-none-any.whl.metadata (15 kB)
2026-04-01 10:29:42,677 - INFO - Collecting geoip2 (from -r /root/requirements.txt (line 7))
2026-04-01 10:29:42,683 - INFO - Downloading geoip2-5.2.0-py3-none-any.whl.metadata (19 kB)
2026-04-01 10:29:42,712 - INFO - Collecting jinja2>=2.11.0 (from -r /root/requirements.txt (line 8))
2026-04-01 10:29:42,717 - INFO - Downloading jinja2-3.1.6-py3-none-any.whl.metadata (2.9 kB)
2026-04-01 10:29:42,904 - INFO - Collecting numpy (from -r /root/requirements.txt (line 9))
2026-04-01 10:29:42,908 - INFO - Downloading numpy-2.4.4-cp311-cp311-manylinux_2_27_x86_64.manylinux_2_28_x86_64.whl.metadata (6.6 kB)
2026-04-01 10:29:43,073 - INFO - Collecting Pillow>=6.2.1 (from -r /root/requirements.txt (line 10))
2026-04-01 10:29:43,078 - INFO - Downloading pillow-12.1.1-cp311-cp311-manylinux_2_27_x86_64.manylinux_2_28_x86_64.whl.metadata (8.8 kB)
2026-04-01 10:29:43,114 - INFO - Collecting pylibmc (from -r /root/requirements.txt (line 11))
2026-04-01 10:29:43,121 - INFO - Downloading pylibmc-1.6.3-cp311-cp311-manylinux_2_17_x86_64.manylinux2014_x86_64.whl.metadata (4.0 kB)
2026-04-01 10:29:43,185 - INFO - Collecting pymemcache>=3.4.0 (from -r /root/requirements.txt (line 12))
2026-04-01 10:29:43,193 - INFO - Downloading pymemcache-4.0.0-py2.py3-none-any.whl.metadata (14 kB)
2026-04-01 10:29:43,304 - INFO - Collecting pywatchman (from -r /root/requirements.txt (line 13))
2026-04-01 10:29:43,311 - INFO - Downloading pywatchman-3.0.0.tar.gz (40 kB)
2026-04-01 10:29:43,329 - INFO - Installing build dependencies: started
2026-04-01 10:29:44,183 - INFO - Installing build dependencies: finished with status 'done'
2026-04-01 10:29:44,184 - INFO - Getting requirements to build wheel: started
2026-04-01 10:29:44,706 - INFO - Getting requirements to build wheel: finished with status 'done'
2026-04-01 10:29:44,709 - INFO - Preparing metadata (pyproject.toml): started
2026-04-01 10:29:44,931 - INFO - Preparing metadata (pyproject.toml): finished with status 'done'
2026-04-01 10:29:44,991 - INFO - Collecting PyYAML (from -r /root/requirements.txt (line 14))
2026-04-01 10:29:44,995 - INFO - Downloading pyyaml-6.0.3-cp311-cp311-manylinux2014_x86_64.manylinux_2_17_x86_64.manylinux_2_28_x86_64.whl.metadata (2.4 kB)
2026-04-01 10:29:45,045 - INFO - Collecting redis>=3.4.0 (from -r /root/requirements.txt (line 15))
2026-04-01 10:29:45,052 - INFO - Downloading redis-7.4.0-py3-none-any.whl.metadata (12 kB)
2026-04-01 10:29:45,093 - INFO - Collecting selenium>=4.8.0 (from -r /root/requirements.txt (line 16))
2026-04-01 10:29:45,096 - INFO - Downloading selenium-4.41.0-py3-none-any.whl.metadata (7.5 kB)
2026-04-01 10:29:45,123 - INFO - Collecting sqlparse>=0.3.1 (from -r /root/requirements.txt (line 17))
2026-04-01 10:29:45,128 - INFO - Downloading sqlparse-0.5.5-py3-none-any.whl.metadata (4.7 kB)
2026-04-01 10:29:45,156 - INFO - Collecting tblib>=1.5.0 (from -r /root/requirements.txt (line 18))
2026-04-01 10:29:45,161 - INFO - Downloading tblib-3.2.2-py3-none-any.whl.metadata (27 kB)
2026-04-01 10:29:45,189 - INFO - Collecting tzdata (from -r /root/requirements.txt (line 19))
2026-04-01 10:29:45,195 - INFO - Downloading tzdata-2025.3-py2.py3-none-any.whl.metadata (1.4 kB)
2026-04-01 10:29:45,223 - INFO - Collecting atpublic (from aiosmtpd->-r /root/requirements.txt (line 1))
2026-04-01 10:29:45,228 - INFO - Downloading atpublic-7.0.0-py3-none-any.whl.metadata (2.0 kB)
2026-04-01 10:29:45,256 - INFO - Collecting attrs (from aiosmtpd->-r /root/requirements.txt (line 1))
2026-04-01 10:29:45,261 - INFO - Downloading attrs-26.1.0-py3-none-any.whl.metadata (8.8 kB)
2026-04-01 10:29:45,287 - INFO - Collecting argon2-cffi-bindings (from argon2-cffi>=19.2.0->-r /root/requirements.txt (line 3))
2026-04-01 10:29:45,292 - INFO - Downloading argon2_cffi_bindings-25.1.0-cp39-abi3-manylinux_2_26_x86_64.manylinux_2_28_x86_64.whl.metadata (7.4 kB)
2026-04-01 10:29:45,322 - INFO - Collecting click>=8.0.0 (from black->-r /root/requirements.txt (line 5))
2026-04-01 10:29:45,324 - INFO - Downloading click-8.3.1-py3-none-any.whl.metadata (2.6 kB)
2026-04-01 10:29:45,352 - INFO - Collecting mypy-extensions>=0.4.3 (from black->-r /root/requirements.txt (line 5))
2026-04-01 10:29:45,356 - INFO - Downloading mypy_extensions-1.1.0-py3-none-any.whl.metadata (1.1 kB)
2026-04-01 10:29:45,367 - INFO - Requirement already satisfied: packaging>=22.0 in ./opt/miniconda3/envs/testbed/lib/python3.11/site-packages (from black->-r /root/requirements.txt (line 5)) (26.0)
2026-04-01 10:29:45,386 - INFO - Collecting pathspec>=1.0.0 (from black->-r /root/requirements.txt (line 5))
2026-04-01 10:29:45,389 - INFO - Downloading pathspec-1.0.4-py3-none-any.whl.metadata (13 kB)
2026-04-01 10:29:45,426 - INFO - Collecting platformdirs>=2 (from black->-r /root/requirements.txt (line 5))
2026-04-01 10:29:45,431 - INFO - Downloading platformdirs-4.9.4-py3-none-any.whl.metadata (4.7 kB)
2026-04-01 10:29:45,460 - INFO - Collecting pytokens~=0.4.0 (from black->-r /root/requirements.txt (line 5))
2026-04-01 10:29:45,466 - INFO - Downloading pytokens-0.4.1-cp311-cp311-manylinux2014_x86_64.manylinux_2_17_x86_64.manylinux_2_28_x86_64.whl.metadata (3.8 kB)
2026-04-01 10:29:45,987 - INFO - Collecting aiohttp<4.0.0,>=3.6.2 (from geoip2->-r /root/requirements.txt (line 7))
2026-04-01 10:29:45,992 - INFO - Downloading aiohttp-3.13.5-cp311-cp311-manylinux2014_x86_64.manylinux_2_17_x86_64.manylinux_2_28_x86_64.whl.metadata (8.1 kB)
2026-04-01 10:29:46,061 - INFO - Collecting maxminddb<4.0.0,>=3.0.0 (from geoip2->-r /root/requirements.txt (line 7))
2026-04-01 10:29:46,067 - INFO - Downloading maxminddb-3.1.1-cp311-cp311-manylinux2014_x86_64.manylinux_2_17_x86_64.manylinux_2_28_x86_64.whl.metadata (5.3 kB)
2026-04-01 10:29:46,102 - INFO - Collecting requests<3.0.0,>=2.24.0 (from geoip2->-r /root/requirements.txt (line 7))
2026-04-01 10:29:46,109 - INFO - Downloading requests-2.33.1-py3-none-any.whl.metadata (4.8 kB)
2026-04-01 10:29:46,134 - INFO - Collecting aiohappyeyeballs>=2.5.0 (from aiohttp<4.0.0,>=3.6.2->geoip2->-r /root/requirements.txt (line 7))
2026-04-01 10:29:46,141 - INFO - Downloading aiohappyeyeballs-2.6.1-py3-none-any.whl.metadata (5.9 kB)
2026-04-01 10:29:46,159 - INFO - Collecting aiosignal>=1.4.0 (from aiohttp<4.0.0,>=3.6.2->geoip2->-r /root/requirements.txt (line 7))
2026-04-01 10:29:46,164 - INFO - Downloading aiosignal-1.4.0-py3-none-any.whl.metadata (3.7 kB)
2026-04-01 10:29:46,237 - INFO - Collecting frozenlist>=1.1.1 (from aiohttp<4.0.0,>=3.6.2->geoip2->-r /root/requirements.txt (line 7))
2026-04-01 10:29:46,242 - INFO - Downloading frozenlist-1.8.0-cp311-cp311-manylinux1_x86_64.manylinux_2_28_x86_64.manylinux_2_5_x86_64.whl.metadata (20 kB)
2026-04-01 10:29:46,525 - INFO - Collecting multidict<7.0,>=4.5 (from aiohttp<4.0.0,>=3.6.2->geoip2->-r /root/requirements.txt (line 7))
2026-04-01 10:29:46,532 - INFO - Downloading multidict-6.7.1-cp311-cp311-manylinux2014_x86_64.manylinux_2_17_x86_64.manylinux_2_28_x86_64.whl.metadata (5.3 kB)
2026-04-01 10:29:46,596 - INFO - Collecting propcache>=0.2.0 (from aiohttp<4.0.0,>=3.6.2->geoip2->-r /root/requirements.txt (line 7))
2026-04-01 10:29:46,600 - INFO - Downloading propcache-0.4.1-cp311-cp311-manylinux2014_x86_64.manylinux_2_17_x86_64.manylinux_2_28_x86_64.whl.metadata (13 kB)
2026-04-01 10:29:46,930 - INFO - Collecting yarl<2.0,>=1.17.0 (from aiohttp<4.0.0,>=3.6.2->geoip2->-r /root/requirements.txt (line 7))
2026-04-01 10:29:46,934 - INFO - Downloading yarl-1.23.0-cp311-cp311-manylinux2014_x86_64.manylinux_2_17_x86_64.manylinux_2_28_x86_64.whl.metadata (79 kB)
2026-04-01 10:29:47,044 - INFO - Collecting charset_normalizer<4,>=2 (from requests<3.0.0,>=2.24.0->geoip2->-r /root/requirements.txt (line 7))
2026-04-01 10:29:47,050 - INFO - Downloading charset_normalizer-3.4.6-cp311-cp311-manylinux2014_x86_64.manylinux_2_17_x86_64.manylinux_2_28_x86_64.whl.metadata (40 kB)
2026-04-01 10:29:47,084 - INFO - Collecting idna<4,>=2.5 (from requests<3.0.0,>=2.24.0->geoip2->-r /root/requirements.txt (line 7))
2026-04-01 10:29:47,088 - INFO - Downloading idna-3.11-py3-none-any.whl.metadata (8.4 kB)
2026-04-01 10:29:47,126 - INFO - Collecting urllib3<3,>=1.26 (from requests<3.0.0,>=2.24.0->geoip2->-r /root/requirements.txt (line 7))
2026-04-01 10:29:47,131 - INFO - Downloading urllib3-2.6.3-py3-none-any.whl.metadata (6.9 kB)
2026-04-01 10:29:47,171 - INFO - Collecting certifi>=2023.5.7 (from requests<3.0.0,>=2.24.0->geoip2->-r /root/requirements.txt (line 7))
2026-04-01 10:29:47,177 - INFO - Downloading certifi-2026.2.25-py3-none-any.whl.metadata (2.5 kB)
2026-04-01 10:29:47,247 - INFO - Collecting MarkupSafe>=2.0 (from jinja2>=2.11.0->-r /root/requirements.txt (line 8))
2026-04-01 10:29:47,252 - INFO - Downloading markupsafe-3.0.3-cp311-cp311-manylinux2014_x86_64.manylinux_2_17_x86_64.manylinux_2_28_x86_64.whl.metadata (2.7 kB)
2026-04-01 10:29:47,292 - INFO - Collecting trio<1.0,>=0.31.0 (from selenium>=4.8.0->-r /root/requirements.txt (line 16))
2026-04-01 10:29:47,298 - INFO - Downloading trio-0.33.0-py3-none-any.whl.metadata (8.5 kB)
2026-04-01 10:29:47,326 - INFO - Collecting trio-websocket<1.0,>=0.12.2 (from selenium>=4.8.0->-r /root/requirements.txt (line 16))
2026-04-01 10:29:47,334 - INFO - Downloading trio_websocket-0.12.2-py3-none-any.whl.metadata (5.1 kB)
2026-04-01 10:29:47,362 - INFO - Collecting typing_extensions<5.0,>=4.15.0 (from selenium>=4.8.0->-r /root/requirements.txt (line 16))
2026-04-01 10:29:47,369 - INFO - Downloading typing_extensions-4.15.0-py3-none-any.whl.metadata (3.3 kB)
2026-04-01 10:29:47,403 - INFO - Collecting websocket-client<2.0,>=1.8.0 (from selenium>=4.8.0->-r /root/requirements.txt (line 16))
2026-04-01 10:29:47,408 - INFO - Downloading websocket_client-1.9.0-py3-none-any.whl.metadata (8.3 kB)
2026-04-01 10:29:47,434 - INFO - Collecting sortedcontainers (from trio<1.0,>=0.31.0->selenium>=4.8.0->-r /root/requirements.txt (line 16))
2026-04-01 10:29:47,438 - INFO - Downloading sortedcontainers-2.4.0-py2.py3-none-any.whl.metadata (10 kB)
2026-04-01 10:29:47,465 - INFO - Collecting outcome (from trio<1.0,>=0.31.0->selenium>=4.8.0->-r /root/requirements.txt (line 16))
2026-04-01 10:29:47,470 - INFO - Downloading outcome-1.3.0.post0-py2.py3-none-any.whl.metadata (2.6 kB)
2026-04-01 10:29:47,495 - INFO - Collecting sniffio>=1.3.0 (from trio<1.0,>=0.31.0->selenium>=4.8.0->-r /root/requirements.txt (line 16))
2026-04-01 10:29:47,500 - INFO - Downloading sniffio-1.3.1-py3-none-any.whl.metadata (3.9 kB)
2026-04-01 10:29:47,526 - INFO - Collecting wsproto>=0.14 (from trio-websocket<1.0,>=0.12.2->selenium>=4.8.0->-r /root/requirements.txt (line 16))
2026-04-01 10:29:47,532 - INFO - Downloading wsproto-1.3.2-py3-none-any.whl.metadata (5.2 kB)
2026-04-01 10:29:47,556 - INFO - Collecting pysocks!=1.5.7,<2.0,>=1.5.6 (from urllib3[socks]<3.0,>=2.6.3->selenium>=4.8.0->-r /root/requirements.txt (line 16))
2026-04-01 10:29:47,562 - INFO - Downloading PySocks-1.7.1-py3-none-any.whl.metadata (13 kB)
2026-04-01 10:29:47,600 - INFO - Collecting h11<1,>=0.16.0 (from wsproto>=0.14->trio-websocket<1.0,>=0.12.2->selenium>=4.8.0->-r /root/requirements.txt (line 16))
2026-04-01 10:29:47,605 - INFO - Downloading h11-0.16.0-py3-none-any.whl.metadata (8.3 kB)
2026-04-01 10:29:47,707 - INFO - Collecting cffi>=1.0.1 (from argon2-cffi-bindings->argon2-cffi>=19.2.0->-r /root/requirements.txt (line 3))
2026-04-01 10:29:47,713 - INFO - Downloading cffi-2.0.0-cp311-cp311-manylinux2014_x86_64.manylinux_2_17_x86_64.whl.metadata (2.6 kB)
2026-04-01 10:29:47,745 - INFO - Collecting pycparser (from cffi>=1.0.1->argon2-cffi-bindings->argon2-cffi>=19.2.0->-r /root/requirements.txt (line 3))
2026-04-01 10:29:47,749 - INFO - Downloading pycparser-3.0-py3-none-any.whl.metadata (8.2 kB)
2026-04-01 10:29:47,764 - INFO - Downloading aiosmtpd-1.4.6-py3-none-any.whl (154 kB)
2026-04-01 10:29:47,779 - INFO - Downloading asgiref-3.11.1-py3-none-any.whl (24 kB)
2026-04-01 10:29:47,789 - INFO - Downloading argon2_cffi-25.1.0-py3-none-any.whl (14 kB)
2026-04-01 10:29:47,802 - INFO - Downloading bcrypt-5.0.0-cp39-abi3-manylinux_2_34_x86_64.whl (278 kB)
2026-04-01 10:29:47,817 - INFO - Downloading black-26.3.1-cp311-cp311-manylinux2014_x86_64.manylinux_2_17_x86_64.manylinux_2_28_x86_64.whl (1.8 MB)
2026-04-01 10:29:47,855 - INFO - ━━━━━━━━━━━━━━━━━━━━━━━━━━━━━━━━━━━━━━━━ 1.8/1.8 MB 46.3 MB/s  0:00:00
2026-04-01 10:29:47,855 - INFO - 
2026-04-01 10:29:47,861 - INFO - Downloading pytokens-0.4.1-cp311-cp311-manylinux2014_x86_64.manylinux_2_17_x86_64.manylinux_2_28_x86_64.whl (260 kB)
2026-04-01 10:29:47,880 - INFO - Downloading docutils-0.22.4-py3-none-any.whl (633 kB)
2026-04-01 10:29:47,899 - INFO - ━━━━━━━━━━━━━━━━━━━━━━━━━━━━━━━━━━━━━━━━ 633.2/633.2 kB 29.1 MB/s  0:00:00
2026-04-01 10:29:47,899 - INFO - 
2026-04-01 10:29:47,905 - INFO - Downloading geoip2-5.2.0-py3-none-any.whl (28 kB)
2026-04-01 10:29:47,916 - INFO - Downloading aiohttp-3.13.5-cp311-cp311-manylinux2014_x86_64.manylinux_2_17_x86_64.manylinux_2_28_x86_64.whl (1.8 MB)
2026-04-01 10:29:47,959 - INFO - ━━━━━━━━━━━━━━━━━━━━━━━━━━━━━━━━━━━━━━━━ 1.8/1.8 MB 40.5 MB/s  0:00:00
2026-04-01 10:29:47,960 - INFO - 
2026-04-01 10:29:47,967 - INFO - Downloading maxminddb-3.1.1-cp311-cp311-manylinux2014_x86_64.manylinux_2_17_x86_64.manylinux_2_28_x86_64.whl (98 kB)
2026-04-01 10:29:47,981 - INFO - Downloading multidict-6.7.1-cp311-cp311-manylinux2014_x86_64.manylinux_2_17_x86_64.manylinux_2_28_x86_64.whl (246 kB)
2026-04-01 10:29:47,997 - INFO - Downloading requests-2.33.1-py3-none-any.whl (64 kB)
2026-04-01 10:29:48,037 - INFO - Downloading charset_normalizer-3.4.6-cp311-cp311-manylinux2014_x86_64.manylinux_2_17_x86_64.manylinux_2_28_x86_64.whl (204 kB)
2026-04-01 10:29:48,057 - INFO - Downloading idna-3.11-py3-none-any.whl (71 kB)
2026-04-01 10:29:48,071 - INFO - Downloading urllib3-2.6.3-py3-none-any.whl (131 kB)
2026-04-01 10:29:48,083 - INFO - Downloading yarl-1.23.0-cp311-cp311-manylinux2014_x86_64.manylinux_2_17_x86_64.manylinux_2_28_x86_64.whl (102 kB)
2026-04-01 10:29:48,095 - INFO - Downloading jinja2-3.1.6-py3-none-any.whl (134 kB)
2026-04-01 10:29:48,110 - INFO - Downloading numpy-2.4.4-cp311-cp311-manylinux_2_27_x86_64.manylinux_2_28_x86_64.whl (16.9 MB)
2026-04-01 10:29:48,362 - INFO - ━━━━━━━━━━━━━━━━━━━━━━━━━━━━━━━━━━━━━━━━ 16.9/16.9 MB 67.9 MB/s  0:00:00
2026-04-01 10:29:48,363 - INFO - 
2026-04-01 10:29:48,366 - INFO - Downloading pillow-12.1.1-cp311-cp311-manylinux_2_27_x86_64.manylinux_2_28_x86_64.whl (7.0 MB)
2026-04-01 10:29:48,476 - INFO - ━━━━━━━━━━━━━━━━━━━━━━━━━━━━━━━━━━━━━━━━ 7.0/7.0 MB 64.9 MB/s  0:00:00
2026-04-01 10:29:48,476 - INFO - 
2026-04-01 10:29:48,485 - INFO - Downloading pylibmc-1.6.3-cp311-cp311-manylinux_2_17_x86_64.manylinux2014_x86_64.whl (1.2 MB)
2026-04-01 10:29:48,509 - INFO - ━━━━━━━━━━━━━━━━━━━━━━━━━━━━━━━━━━━━━━━━ 1.2/1.2 MB 47.1 MB/s  0:00:00
2026-04-01 10:29:48,509 - INFO - 
2026-04-01 10:29:48,517 - INFO - Downloading pymemcache-4.0.0-py2.py3-none-any.whl (60 kB)
2026-04-01 10:29:48,534 - INFO - Downloading pyyaml-6.0.3-cp311-cp311-manylinux2014_x86_64.manylinux_2_17_x86_64.manylinux_2_28_x86_64.whl (806 kB)
2026-04-01 10:29:48,558 - INFO - ━━━━━━━━━━━━━━━━━━━━━━━━━━━━━━━━━━━━━━━━ 806.6/806.6 kB 31.1 MB/s  0:00:00
2026-04-01 10:29:48,561 - INFO - Downloading redis-7.4.0-py3-none-any.whl (409 kB)
2026-04-01 10:29:48,588 - INFO - Downloading selenium-4.41.0-py3-none-any.whl (9.5 MB)
2026-04-01 10:29:48,725 - INFO - ━━━━━━━━━━━━━━━━━━━━━━━━━━━━━━━━━━━━━━━━ 9.5/9.5 MB 68.9 MB/s  0:00:00
2026-04-01 10:29:48,732 - INFO - Downloading trio-0.33.0-py3-none-any.whl (510 kB)
2026-04-01 10:29:48,750 - INFO - Downloading trio_websocket-0.12.2-py3-none-any.whl (21 kB)
2026-04-01 10:29:48,761 - INFO - Downloading typing_extensions-4.15.0-py3-none-any.whl (44 kB)
2026-04-01 10:29:48,774 - INFO - Downloading PySocks-1.7.1-py3-none-any.whl (16 kB)
2026-04-01 10:29:48,786 - INFO - Downloading websocket_client-1.9.0-py3-none-any.whl (82 kB)
2026-04-01 10:29:48,801 - INFO - Downloading sqlparse-0.5.5-py3-none-any.whl (46 kB)
2026-04-01 10:29:48,820 - INFO - Downloading tblib-3.2.2-py3-none-any.whl (12 kB)
2026-04-01 10:29:48,835 - INFO - Downloading tzdata-2025.3-py2.py3-none-any.whl (348 kB)
2026-04-01 10:29:48,853 - INFO - Downloading aiohappyeyeballs-2.6.1-py3-none-any.whl (15 kB)
2026-04-01 10:29:48,867 - INFO - Downloading aiosignal-1.4.0-py3-none-any.whl (7.5 kB)
2026-04-01 10:29:48,887 - INFO - Downloading attrs-26.1.0-py3-none-any.whl (67 kB)
2026-04-01 10:29:48,905 - INFO - Downloading certifi-2026.2.25-py3-none-any.whl (153 kB)
2026-04-01 10:29:48,924 - INFO - Downloading click-8.3.1-py3-none-any.whl (108 kB)
2026-04-01 10:29:48,939 - INFO - Downloading frozenlist-1.8.0-cp311-cp311-manylinux1_x86_64.manylinux_2_28_x86_64.manylinux_2_5_x86_64.whl (231 kB)
2026-04-01 10:29:48,957 - INFO - Downloading markupsafe-3.0.3-cp311-cp311-manylinux2014_x86_64.manylinux_2_17_x86_64.manylinux_2_28_x86_64.whl (22 kB)
2026-04-01 10:29:48,971 - INFO - Downloading mypy_extensions-1.1.0-py3-none-any.whl (5.0 kB)
2026-04-01 10:29:48,994 - INFO - Downloading outcome-1.3.0.post0-py2.py3-none-any.whl (10 kB)
2026-04-01 10:29:49,012 - INFO - Downloading pathspec-1.0.4-py3-none-any.whl (55 kB)
2026-04-01 10:29:49,031 - INFO - Downloading platformdirs-4.9.4-py3-none-any.whl (21 kB)
2026-04-01 10:29:49,050 - INFO - Downloading propcache-0.4.1-cp311-cp311-manylinux2014_x86_64.manylinux_2_17_x86_64.manylinux_2_28_x86_64.whl (210 kB)
2026-04-01 10:29:49,071 - INFO - Downloading sniffio-1.3.1-py3-none-any.whl (10 kB)
2026-04-01 10:29:49,094 - INFO - Downloading wsproto-1.3.2-py3-none-any.whl (24 kB)
2026-04-01 10:29:49,109 - INFO - Downloading h11-0.16.0-py3-none-any.whl (37 kB)
2026-04-01 10:29:49,127 - INFO - Downloading argon2_cffi_bindings-25.1.0-cp39-abi3-manylinux_2_26_x86_64.manylinux_2_28_x86_64.whl (87 kB)
2026-04-01 10:29:49,145 - INFO - Downloading cffi-2.0.0-cp311-cp311-manylinux2014_x86_64.manylinux_2_17_x86_64.whl (215 kB)
2026-04-01 10:29:49,166 - INFO - Downloading atpublic-7.0.0-py3-none-any.whl (6.4 kB)
2026-04-01 10:29:49,183 - INFO - Downloading pycparser-3.0-py3-none-any.whl (48 kB)
2026-04-01 10:29:49,198 - INFO - Downloading sortedcontainers-2.4.0-py2.py3-none-any.whl (29 kB)
2026-04-01 10:29:49,291 - INFO - Building wheels for collected packages: pywatchman
2026-04-01 10:29:49,293 - INFO - Building wheel for pywatchman (pyproject.toml): started
2026-04-01 10:29:49,997 - INFO - Building wheel for pywatchman (pyproject.toml): finished with status 'done'
2026-04-01 10:29:49,999 - INFO - Created wheel for pywatchman: filename=pywatchman-3.0.0-cp311-cp311-linux_x86_64.whl size=54002 sha256=d6c90d9c0f3c3a67ac6249134141c9375fe73e2324e9361701826f39954642e2
  Stored in directory: /root/.cache/pip/wheels/86/8a/92/657260a170542502f8e2ddb7a20dee08478b6482867fda0df1
2026-04-01 10:29:50,004 - INFO - Successfully built pywatchman
2026-04-01 10:29:50,103 - INFO - Installing collected packages: sortedcontainers, websocket-client, urllib3, tzdata, typing_extensions, tblib, sqlparse, sniffio, redis, PyYAML, pywatchman, pytokens, pysocks, pymemcache, pylibmc, pycparser, propcache, platformdirs, Pillow, pathspec, numpy, mypy-extensions, multidict, maxminddb, MarkupSafe, idna, h11, frozenlist, docutils, click, charset_normalizer, certifi, bcrypt, attrs, atpublic, asgiref, aiohappyeyeballs, yarl, wsproto, requests, outcome, jinja2, cffi, black, aiosmtpd, aiosignal, trio, argon2-cffi-bindings, aiohttp, trio-websocket, geoip2, argon2-cffi, selenium
2026-04-01 10:29:56,641 - INFO - 
2026-04-01 10:29:56,645 - INFO - Successfully installed MarkupSafe-3.0.3 Pillow-12.1.1 PyYAML-6.0.3 aiohappyeyeballs-2.6.1 aiohttp-3.13.5 aiosignal-1.4.0 aiosmtpd-1.4.6 argon2-cffi-25.1.0 argon2-cffi-bindings-25.1.0 asgiref-3.11.1 atpublic-7.0.0 attrs-26.1.0 bcrypt-5.0.0 black-26.3.1 certifi-2026.2.25 cffi-2.0.0 charset_normalizer-3.4.6 click-8.3.1 docutils-0.22.4 frozenlist-1.8.0 geoip2-5.2.0 h11-0.16.0 idna-3.11 jinja2-3.1.6 maxminddb-3.1.1 multidict-6.7.1 mypy-extensions-1.1.0 numpy-2.4.4 outcome-1.3.0.post0 pathspec-1.0.4 platformdirs-4.9.4 propcache-0.4.1 pycparser-3.0 pylibmc-1.6.3 pymemcache-4.0.0 pysocks-1.7.1 pytokens-0.4.1 pywatchman-3.0.0 redis-7.4.0 requests-2.33.1 selenium-4.41.0 sniffio-1.3.1 sortedcontainers-2.4.0 sqlparse-0.5.5 tblib-3.2.2 trio-0.33.0 trio-websocket-0.12.2 typing_extensions-4.15.0 tzdata-2025.3 urllib3-2.6.3 websocket-client-1.9.0 wsproto-1.3.2 yarl-1.23.0
2026-04-01 10:29:56,646 - INFO - WARNING: Running pip as the 'root' user can result in broken permissions and conflicting behaviour with the system package manager, possibly rendering your system unusable. It is recommended to use a virtual environment instead: https://pip.pypa.io/warnings/venv. Use the --root-user-action option if you know what you are doing and want to suppress this warning.
2026-04-01 10:29:57,498 - INFO - + rm /root/requirements.txt
2026-04-01 10:29:57,501 - INFO - + conda activate testbed
+ local cmd=activate
+ case "$cmd" in
+ __conda_activate activate testbed
+ '[' -n '' ']'
+ local ask_conda
2026-04-01 10:29:57,502 - INFO - ++ PS1='(testbed) '
++ __conda_exe shell.posix activate testbed
2026-04-01 10:29:57,503 - INFO - ++ /opt/miniconda3/bin/conda shell.posix activate testbed
2026-04-01 10:29:57,645 - INFO - + ask_conda='PS1='\''(testbed) '\''
export PATH='\''/opt/miniconda3/envs/testbed/bin:/opt/miniconda3/condabin:/opt/miniconda3/bin:/usr/local/sbin:/usr/local/bin:/usr/sbin:/usr/bin:/sbin:/bin'\''
export CONDA_SHLVL='\''2'\''
export CONDA_PROMPT_MODIFIER='\''(testbed) '\'''
+ eval 'PS1='\''(testbed) '\''
export PATH='\''/opt/miniconda3/envs/testbed/bin:/opt/miniconda3/condabin:/opt/miniconda3/bin:/usr/local/sbin:/usr/local/bin:/usr/sbin:/usr/bin:/sbin:/bin'\''
export CONDA_SHLVL='\''2'\''
export CONDA_PROMPT_MODIFIER='\''(testbed) '\'''
++ PS1='(testbed) '
++ export PATH=/opt/miniconda3/envs/testbed/bin:/opt/miniconda3/condabin:/opt/miniconda3/bin:/usr/local/sbin:/usr/local/bin:/usr/sbin:/usr/bin:/sbin:/bin
++ PATH=/opt/miniconda3/envs/testbed/bin:/opt/miniconda3/condabin:/opt/miniconda3/bin:/usr/local/sbin:/usr/local/bin:/usr/sbin:/usr/bin:/sbin:/bin
++ export CONDA_SHLVL=2
++ CONDA_SHLVL=2
++ export 'CONDA_PROMPT_MODIFIER=(testbed) '
++ CONDA_PROMPT_MODIFIER='(testbed) '
+ __conda_hashr
+ '[' -n '' ']'
+ '[' -n '' ']'
+ hash -r
2026-04-01 10:31:16,947 - INFO - ---> Removed intermediate container f5517fc9867b
2026-04-01 10:31:16,947 - INFO - ---> a3ffa8c373be
2026-04-01 10:31:16,947 - INFO - Step 6/7 : WORKDIR /testbed/
2026-04-01 10:31:16,947 - INFO - 
2026-04-01 10:31:18,352 - INFO - ---> Running in 7b84e0dcaeaf
2026-04-01 10:31:28,823 - INFO - ---> Removed intermediate container 7b84e0dcaeaf
2026-04-01 10:31:28,823 - INFO - ---> 497660f652e5
2026-04-01 10:31:28,823 - INFO - Step 7/7 : RUN echo "source /opt/miniconda3/etc/profile.d/conda.sh && conda activate testbed" > /root/.bashrc
2026-04-01 10:31:28,823 - INFO - 
2026-04-01 10:31:28,936 - INFO - ---> Running in 3efb85b738d0
2026-04-01 10:31:39,249 - INFO - ---> Removed intermediate container 3efb85b738d0
2026-04-01 10:31:39,249 - INFO - ---> 427d0e09aeab
2026-04-01 10:31:39,254 - INFO - Successfully built 427d0e09aeab
2026-04-01 10:31:39,269 - INFO - Successfully tagged sweb.env.py.x86_64.c70909fdac4897d1c685df:latest
2026-04-01 10:31:39,270 - INFO - Image built successfully!
