2026-04-01 10:44:20,629 - INFO - Building image sweb.env.py.x86_64.a18371b03f944585b4f08c:latest
Using dockerfile:
FROM --platform=linux/x86_64 sweb.base.py.x86_64:latest

COPY ./setup_env.sh /root/
RUN sed -i -e 's/\r$//' /root/setup_env.sh
RUN chmod +x /root/setup_env.sh
RUN /bin/bash -c "source ~/.bashrc && /root/setup_env.sh"

WORKDIR /testbed/

# Automatically activate the testbed environment
RUN echo "source /opt/miniconda3/etc/profile.d/conda.sh && conda activate testbed" > /root/.bashrc

Adding (1) setup scripts to image build repo
2026-04-01 10:44:20,630 - INFO - [SETUP SCRIPT] setup_env.sh:
#!/bin/bash
set -euxo pipefail
source /opt/miniconda3/bin/activate
conda create -n testbed python=3.6 -y
cat <<'EOF_59812759871' > $HOME/requirements.txt
asgiref >= 3.2
argon2-cffi >= 16.1.0
bcrypt
docutils
geoip2
jinja2 >= 2.9.2
numpy
Pillow >= 6.2.0
pylibmc; sys.platform != 'win32'
python-memcached >= 1.59
pytz
pywatchman; sys.platform != 'win32'
PyYAML
selenium
sqlparse >= 0.2.2
tblib >= 1.5.0

EOF_59812759871
conda activate testbed && python -m pip install -r $HOME/requirements.txt
rm $HOME/requirements.txt
conda activate testbed

2026-04-01 10:44:20,632 - INFO - Building docker image sweb.env.py.x86_64.a18371b03f944585b4f08c:latest in logs/build_images/env/sweb.env.py.x86_64.a18371b03f944585b4f08c__latest with platform linux/x86_64
2026-04-01 10:44:20,646 - INFO - Step 1/7 : FROM --platform=linux/x86_64 sweb.base.py.x86_64:latest
2026-04-01 10:44:20,646 - INFO - 
2026-04-01 10:44:20,664 - INFO - ---> 747b24082849
2026-04-01 10:44:20,664 - INFO - Step 2/7 : COPY ./setup_env.sh /root/
2026-04-01 10:44:20,664 - INFO - 
2026-04-01 10:44:26,731 - INFO - ---> cf99149c2bf3
2026-04-01 10:44:26,731 - INFO - Step 3/7 : RUN sed -i -e 's/\r$//' /root/setup_env.sh
2026-04-01 10:44:26,731 - INFO - 
2026-04-01 10:44:26,834 - INFO - ---> Running in a26a11656d0e
2026-04-01 10:44:32,703 - INFO - ---> Removed intermediate container a26a11656d0e
2026-04-01 10:44:32,704 - INFO - ---> 9a071314e419
2026-04-01 10:44:32,704 - INFO - Step 4/7 : RUN chmod +x /root/setup_env.sh
2026-04-01 10:44:32,704 - INFO - 
2026-04-01 10:44:32,781 - INFO - ---> Running in b25561e4f4a9
2026-04-01 10:44:38,784 - INFO - ---> Removed intermediate container b25561e4f4a9
2026-04-01 10:44:38,785 - INFO - ---> 393e2064b768
2026-04-01 10:44:38,785 - INFO - Step 5/7 : RUN /bin/bash -c "source ~/.bashrc && /root/setup_env.sh"
2026-04-01 10:44:38,785 - INFO - 
2026-04-01 10:44:38,917 - INFO - ---> Running in 3779dd27a97c
2026-04-01 10:44:39,106 - INFO - + source /opt/miniconda3/bin/activate
2026-04-01 10:44:39,106 - INFO - ++ _CONDA_ROOT=/opt/miniconda3
++ . /opt/miniconda3/etc/profile.d/conda.sh
+++ export CONDA_EXE=/opt/miniconda3/bin/conda
+++ CONDA_EXE=/opt/miniconda3/bin/conda
+++ export _CE_M=
+++ _CE_M=
+++ export _CE_CONDA=
+++ _CE_CONDA=
+++ export CONDA_PYTHON_EXE=/opt/miniconda3/bin/python
+++ CONDA_PYTHON_EXE=/opt/miniconda3/bin/python
+++ '[' -z '' ']'
+++ export CONDA_SHLVL=0
+++ CONDA_SHLVL=0
+++ '[' -n '' ']'
2026-04-01 10:44:39,106 - INFO - +++++ dirname /opt/miniconda3/bin/conda
2026-04-01 10:44:39,108 - INFO - ++++ dirname /opt/miniconda3/bin
2026-04-01 10:44:39,111 - INFO - +++ PATH=/opt/miniconda3/condabin:/opt/miniconda3/bin:/usr/local/sbin:/usr/local/bin:/usr/sbin:/usr/bin:/sbin:/bin
+++ export PATH
2026-04-01 10:44:39,111 - INFO - +++ '[' -z '' ']'
+++ PS1=
++ conda activate
++ local cmd=activate
++ case "$cmd" in
++ __conda_activate activate
++ '[' -n '' ']'
++ local ask_conda
+++ PS1=
+++ __conda_exe shell.posix activate
2026-04-01 10:44:39,111 - INFO - +++ /opt/miniconda3/bin/conda shell.posix activate
2026-04-01 10:44:39,237 - INFO - ++ ask_conda='PS1='\''(base) '\''
export PATH='\''/opt/miniconda3/bin:/opt/miniconda3/condabin:/opt/miniconda3/bin:/usr/local/sbin:/usr/local/bin:/usr/sbin:/usr/bin:/sbin:/bin'\''
export CONDA_PREFIX='\''/opt/miniconda3'\''
export CONDA_SHLVL='\''1'\''
export CONDA_DEFAULT_ENV='\''base'\''
export CONDA_PROMPT_MODIFIER='\''(base) '\''
export CONDA_EXE='\''/opt/miniconda3/bin/conda'\''
export _CE_M='\'''\''
export _CE_CONDA='\'''\''
export CONDA_PYTHON_EXE='\''/opt/miniconda3/bin/python'\'''
++ eval 'PS1='\''(base) '\''
export PATH='\''/opt/miniconda3/bin:/opt/miniconda3/condabin:/opt/miniconda3/bin:/usr/local/sbin:/usr/local/bin:/usr/sbin:/usr/bin:/sbin:/bin'\''
export CONDA_PREFIX='\''/opt/miniconda3'\''
export CONDA_SHLVL='\''1'\''
export CONDA_DEFAULT_ENV='\''base'\''
export CONDA_PROMPT_MODIFIER='\''(base) '\''
export CONDA_EXE='\''/opt/miniconda3/bin/conda'\''
export _CE_M='\'''\''
export _CE_CONDA='\'''\''
export CONDA_PYTHON_EXE='\''/opt/miniconda3/bin/python'\'''
+++ PS1='(base) '
+++ export PATH=/opt/miniconda3/bin:/opt/miniconda3/condabin:/opt/miniconda3/bin:/usr/local/sbin:/usr/local/bin:/usr/sbin:/usr/bin:/sbin:/bin
+++ PATH=/opt/miniconda3/bin:/opt/miniconda3/condabin:/opt/miniconda3/bin:/usr/local/sbin:/usr/local/bin:/usr/sbin:/usr/bin:/sbin:/bin
+++ export CONDA_PREFIX=/opt/miniconda3
+++ CONDA_PREFIX=/opt/miniconda3
+++ export CONDA_SHLVL=1
+++ CONDA_SHLVL=1
+++ export CONDA_DEFAULT_ENV=base
+++ CONDA_DEFAULT_ENV=base
+++ export 'CONDA_PROMPT_MODIFIER=(base) '
+++ CONDA_PROMPT_MODIFIER='(base) '
+++ export CONDA_EXE=/opt/miniconda3/bin/conda
+++ CONDA_EXE=/opt/miniconda3/bin/conda
+++ export _CE_M=
+++ _CE_M=
+++ export _CE_CONDA=
+++ _CE_CONDA=
+++ export CONDA_PYTHON_EXE=/opt/miniconda3/bin/python
+++ CONDA_PYTHON_EXE=/opt/miniconda3/bin/python
++ __conda_hashr
++ '[' -n '' ']'
++ '[' -n '' ']'
++ hash -r
+ conda create -n testbed python=3.6 -y
+ local cmd=create
+ case "$cmd" in
+ __conda_exe create -n testbed python=3.6 -y
2026-04-01 10:44:39,240 - INFO - + /opt/miniconda3/bin/conda create -n testbed python=3.6 -y
2026-04-01 10:44:39,918 - INFO - Channels:
 - defaults
 - conda-forge
Platform: linux-64
Collecting package metadata (repodata.json): ...working...
2026-04-01 10:47:00,208 - INFO - done
Solving environment: ...working...
2026-04-01 10:47:02,529 - INFO - done
2026-04-01 10:47:10,792 - INFO - ## Package Plan ##

  environment location: /opt/miniconda3/envs/testbed

  added / updated specs:
    - python=3.6


The following packages will be downloaded:

    package                    |            build
    ---------------------------|-----------------
    ca-certificates-2026.3.19  |       h06a4308_0         126 KB
    certifi-2021.5.30          |   py36h06a4308_0         139 KB
    ld_impl_linux-64-2.44      |       h9e0c5a2_3         725 KB
    libffi-3.3                 |       he6710b0_2          50 KB
    libgcc-15.2.0              |       h69a1729_7         806 KB
    libgcc-ng-15.2.0           |       h166f726_7          28 KB
    libgomp-15.2.0             |       h4751f2c_7         436 KB
    libstdcxx-15.2.0           |       h39759b7_7         3.7 MB
    libstdcxx-ng-15.2.0        |       hc03a8fd_7          28 KB
    libxcb-1.17.0              |       h9b100fa_0         430 KB
    libzlib-1.3.1              |       hb25bd0a_0          59 KB
    ncurses-6.5                |       h7934f7d_0         1.1 MB
    openssl-1.1.1w             |       h7f8727e_0         3.7 MB
    pip-21.2.2                 |   py36h06a4308_0         1.8 MB
    pthread-stubs-0.3          |       h0ce48e5_1           5 KB
    python-3.6.13              |       h12debd9_1        32.5 MB
    readline-8.3               |       hc2a1206_0         471 KB
    setuptools-58.0.4          |   py36h06a4308_0         788 KB
    sqlite-3.51.2              |       h3e8d24a_0         1.2 MB
    tk-8.6.15                  |       h54e0aa7_0         3.4 MB
    wheel-0.37.1               |     pyhd3eb1b0_0          33 KB
    xorg-libx11-1.8.12         |       h9b100fa_1         895 KB
    xorg-libxau-1.0.12         |       h9b100fa_0          13 KB
    xorg-libxdmcp-1.1.5        |       h9b100fa_0          19 KB
    xorg-xorgproto-2024.1      |       h5eee18b_1         580 KB
    xz-5.8.2                   |       h448239c_0         621 KB
    zlib-1.3.1                 |       hb25bd0a_0          96 KB
    ------------------------------------------------------------
                                           Total:        53.7 MB

The following NEW packages will be INSTALLED:

  _libgcc_mutex      pkgs/main/linux-64::_libgcc_mutex-0.1-main 
  _openmp_mutex      pkgs/main/linux-64::_openmp_mutex-5.1-1_gnu 
  ca-certificates    pkgs/main/linux-64::ca-certificates-2026.3.19-h06a4308_0 
  certifi            pkgs/main/linux-64::certifi-2021.5.30-py36h06a4308_0 
  ld_impl_linux-64   pkgs/main/linux-64::ld_impl_linux-64-2.44-h9e0c5a2_3 
  libffi             pkgs/main/linux-64::libffi-3.3-he6710b0_2 
  libgcc             pkgs/main/linux-64::libgcc-15.2.0-h69a1729_7 
  libgcc-ng          pkgs/main/linux-64::libgcc-ng-15.2.0-h166f726_7 
  libgomp            pkgs/main/linux-64::libgomp-15.2.0-h4751f2c_7 
  libstdcxx          pkgs/main/linux-64::libstdcxx-15.2.0-h39759b7_7 
  libstdcxx-ng       pkgs/main/linux-64::libstdcxx-ng-15.2.0-hc03a8fd_7 
  libxcb             pkgs/main/linux-64::libxcb-1.17.0-h9b100fa_0 
  libzlib            pkgs/main/linux-64::libzlib-1.3.1-hb25bd0a_0 
  ncurses            pkgs/main/linux-64::ncurses-6.5-h7934f7d_0 
  openssl            pkgs/main/linux-64::openssl-1.1.1w-h7f8727e_0 
  pip                pkgs/main/linux-64::pip-21.2.2-py36h06a4308_0 
  pthread-stubs      pkgs/main/linux-64::pthread-stubs-0.3-h0ce48e5_1 
  python             pkgs/main/linux-64::python-3.6.13-h12debd9_1 
  readline           pkgs/main/linux-64::readline-8.3-hc2a1206_0 
  setuptools         pkgs/main/linux-64::setuptools-58.0.4-py36h06a4308_0 
  sqlite             pkgs/main/linux-64::sqlite-3.51.2-h3e8d24a_0 
  tk                 pkgs/main/linux-64::tk-8.6.15-h54e0aa7_0 
  wheel              pkgs/main/noarch::wheel-0.37.1-pyhd3eb1b0_0 
  xorg-libx11        pkgs/main/linux-64::xorg-libx11-1.8.12-h9b100fa_1 
  xorg-libxau        pkgs/main/linux-64::xorg-libxau-1.0.12-h9b100fa_0 
  xorg-libxdmcp      pkgs/main/linux-64::xorg-libxdmcp-1.1.5-h9b100fa_0 
  xorg-xorgproto     pkgs/main/linux-64::xorg-xorgproto-2024.1-h5eee18b_1 
  xz                 pkgs/main/linux-64::xz-5.8.2-h448239c_0 
  zlib               pkgs/main/linux-64::zlib-1.3.1-hb25bd0a_0 



Downloading and Extracting Packages: ...working... done
Preparing transaction: ...working...
2026-04-01 10:47:11,025 - INFO - done
Verifying transaction: ...working...
2026-04-01 10:47:11,955 - INFO - done
2026-04-01 10:47:11,956 - INFO - Executing transaction: ...working...
2026-04-01 10:47:13,329 - INFO - done
2026-04-01 10:47:13,387 - INFO - #
# To activate this environment, use
#
#     $ conda activate testbed
#
# To deactivate an active environment, use
#
#     $ conda deactivate
2026-04-01 10:47:13,516 - INFO - + cat
2026-04-01 10:47:13,518 - INFO - + conda activate testbed
+ local cmd=activate
+ case "$cmd" in
+ __conda_activate activate testbed
+ '[' -n '' ']'
+ local ask_conda
2026-04-01 10:47:13,520 - INFO - ++ PS1='(base) '
++ __conda_exe shell.posix activate testbed
2026-04-01 10:47:13,520 - INFO - ++ /opt/miniconda3/bin/conda shell.posix activate testbed
2026-04-01 10:47:13,649 - INFO - + ask_conda='PS1='\''(testbed) '\''
export PATH='\''/opt/miniconda3/envs/testbed/bin:/opt/miniconda3/condabin:/opt/miniconda3/bin:/usr/local/sbin:/usr/local/bin:/usr/sbin:/usr/bin:/sbin:/bin'\''
export CONDA_PREFIX='\''/opt/miniconda3/envs/testbed'\''
export CONDA_SHLVL='\''2'\''
export CONDA_DEFAULT_ENV='\''testbed'\''
export CONDA_PROMPT_MODIFIER='\''(testbed) '\''
export CONDA_PREFIX_1='\''/opt/miniconda3'\''
export CONDA_EXE='\''/opt/miniconda3/bin/conda'\''
export _CE_M='\'''\''
export _CE_CONDA='\'''\''
export CONDA_PYTHON_EXE='\''/opt/miniconda3/bin/python'\'''
+ eval 'PS1='\''(testbed) '\''
export PATH='\''/opt/miniconda3/envs/testbed/bin:/opt/miniconda3/condabin:/opt/miniconda3/bin:/usr/local/sbin:/usr/local/bin:/usr/sbin:/usr/bin:/sbin:/bin'\''
export CONDA_PREFIX='\''/opt/miniconda3/envs/testbed'\''
export CONDA_SHLVL='\''2'\''
export CONDA_DEFAULT_ENV='\''testbed'\''
export CONDA_PROMPT_MODIFIER='\''(testbed) '\''
export CONDA_PREFIX_1='\''/opt/miniconda3'\''
export CONDA_EXE='\''/opt/miniconda3/bin/conda'\''
export _CE_M='\'''\''
export _CE_CONDA='\'''\''
export CONDA_PYTHON_EXE='\''/opt/miniconda3/bin/python'\'''
++ PS1='(testbed) '
++ export PATH=/opt/miniconda3/envs/testbed/bin:/opt/miniconda3/condabin:/opt/miniconda3/bin:/usr/local/sbin:/usr/local/bin:/usr/sbin:/usr/bin:/sbin:/bin
++ PATH=/opt/miniconda3/envs/testbed/bin:/opt/miniconda3/condabin:/opt/miniconda3/bin:/usr/local/sbin:/usr/local/bin:/usr/sbin:/usr/bin:/sbin:/bin
++ export CONDA_PREFIX=/opt/miniconda3/envs/testbed
++ CONDA_PREFIX=/opt/miniconda3/envs/testbed
++ export CONDA_SHLVL=2
++ CONDA_SHLVL=2
++ export CONDA_DEFAULT_ENV=testbed
++ CONDA_DEFAULT_ENV=testbed
++ export 'CONDA_PROMPT_MODIFIER=(testbed) '
++ CONDA_PROMPT_MODIFIER='(testbed) '
++ export CONDA_PREFIX_1=/opt/miniconda3
++ CONDA_PREFIX_1=/opt/miniconda3
++ export CONDA_EXE=/opt/miniconda3/bin/conda
++ CONDA_EXE=/opt/miniconda3/bin/conda
++ export _CE_M=
++ _CE_M=
++ export _CE_CONDA=
++ _CE_CONDA=
++ export CONDA_PYTHON_EXE=/opt/miniconda3/bin/python
++ CONDA_PYTHON_EXE=/opt/miniconda3/bin/python
+ __conda_hashr
+ '[' -n '' ']'
+ '[' -n '' ']'
+ hash -r
2026-04-01 10:47:13,649 - INFO - + python -m pip install -r /root/requirements.txt
2026-04-01 10:47:14,218 - INFO - Collecting asgiref>=3.2
2026-04-01 10:47:14,246 - INFO - Downloading asgiref-3.4.1-py3-none-any.whl (25 kB)
2026-04-01 10:47:14,341 - INFO - Collecting argon2-cffi>=16.1.0
2026-04-01 10:47:14,349 - INFO - Downloading argon2_cffi-21.3.0-py3-none-any.whl (14 kB)
2026-04-01 10:47:14,553 - INFO - Collecting bcrypt
2026-04-01 10:47:14,561 - INFO - Downloading bcrypt-4.0.1-cp36-abi3-manylinux_2_28_x86_64.whl (593 kB)
2026-04-01 10:47:14,639 - INFO - Collecting docutils
2026-04-01 10:47:14,647 - INFO - Downloading docutils-0.18.1-py2.py3-none-any.whl (570 kB)
2026-04-01 10:47:14,703 - INFO - Collecting geoip2
2026-04-01 10:47:14,712 - INFO - Downloading geoip2-4.6.0-py2.py3-none-any.whl (26 kB)
2026-04-01 10:47:14,764 - INFO - Collecting jinja2>=2.9.2
2026-04-01 10:47:14,771 - INFO - Downloading Jinja2-3.0.3-py3-none-any.whl (133 kB)
2026-04-01 10:47:16,062 - INFO - Collecting numpy
2026-04-01 10:47:16,072 - INFO - Downloading numpy-1.19.5-cp36-cp36m-manylinux2010_x86_64.whl (14.8 MB)
2026-04-01 10:47:17,378 - INFO - Collecting Pillow>=6.2.0
2026-04-01 10:47:17,386 - INFO - Downloading Pillow-8.4.0-cp36-cp36m-manylinux_2_17_x86_64.manylinux2014_x86_64.whl (3.1 MB)
2026-04-01 10:47:17,593 - INFO - Collecting pylibmc
2026-04-01 10:47:17,605 - INFO - Downloading pylibmc-1.6.3-cp36-cp36m-manylinux_2_17_x86_64.manylinux2014_x86_64.whl (1.2 MB)
2026-04-01 10:47:17,739 - INFO - Collecting python-memcached>=1.59
2026-04-01 10:47:17,747 - INFO - Downloading python_memcached-1.62-py2.py3-none-any.whl (15 kB)
2026-04-01 10:47:17,892 - INFO - Collecting pytz
2026-04-01 10:47:17,897 - INFO - Downloading pytz-2026.1.post1-py2.py3-none-any.whl (510 kB)
2026-04-01 10:47:18,028 - INFO - Collecting pywatchman
2026-04-01 10:47:18,035 - INFO - Downloading pywatchman-1.4.1.tar.gz (29 kB)
2026-04-01 10:47:18,553 - INFO - Collecting PyYAML
2026-04-01 10:47:18,560 - INFO - Downloading PyYAML-6.0.1-cp36-cp36m-manylinux_2_17_x86_64.manylinux2014_x86_64.whl (677 kB)
2026-04-01 10:47:18,702 - INFO - Collecting selenium
2026-04-01 10:47:18,708 - INFO - Downloading selenium-3.141.0-py2.py3-none-any.whl (904 kB)
2026-04-01 10:47:18,787 - INFO - Collecting sqlparse>=0.2.2
2026-04-01 10:47:18,799 - INFO - Downloading sqlparse-0.4.4-py3-none-any.whl (41 kB)
2026-04-01 10:47:18,856 - INFO - Collecting tblib>=1.5.0
2026-04-01 10:47:18,874 - INFO - Downloading tblib-1.7.0-py2.py3-none-any.whl (12 kB)
2026-04-01 10:47:18,955 - INFO - Collecting typing-extensions
2026-04-01 10:47:18,963 - INFO - Downloading typing_extensions-4.1.1-py3-none-any.whl (26 kB)
2026-04-01 10:47:19,060 - INFO - Collecting dataclasses
2026-04-01 10:47:19,064 - INFO - Downloading dataclasses-0.8-py3-none-any.whl (19 kB)
2026-04-01 10:47:19,142 - INFO - Collecting argon2-cffi-bindings
2026-04-01 10:47:19,149 - INFO - Downloading argon2_cffi_bindings-21.2.0-cp36-abi3-manylinux_2_17_x86_64.manylinux2014_x86_64.whl (86 kB)
2026-04-01 10:47:19,285 - INFO - Collecting urllib3<2.0.0,>=1.25.2
2026-04-01 10:47:19,292 - INFO - Downloading urllib3-1.26.20-py2.py3-none-any.whl (144 kB)
2026-04-01 10:47:19,642 - INFO - Collecting maxminddb<3.0.0,>=2.2.0
2026-04-01 10:47:19,656 - INFO - Downloading maxminddb-2.2.0.tar.gz (330 kB)
2026-04-01 10:47:23,494 - INFO - Collecting aiohttp<4.0.0,>=3.6.2
2026-04-01 10:47:23,505 - INFO - Downloading aiohttp-3.8.6-cp36-cp36m-manylinux_2_17_x86_64.manylinux2014_x86_64.whl (985 kB)
2026-04-01 10:47:23,641 - INFO - Collecting requests<3.0.0,>=2.24.0
2026-04-01 10:47:23,650 - INFO - Downloading requests-2.27.1-py2.py3-none-any.whl (63 kB)
2026-04-01 10:47:23,941 - INFO - Collecting MarkupSafe>=2.0
2026-04-01 10:47:23,947 - INFO - Downloading MarkupSafe-2.0.1-cp36-cp36m-manylinux_2_5_x86_64.manylinux1_x86_64.manylinux_2_12_x86_64.manylinux2010_x86_64.whl (30 kB)
2026-04-01 10:47:24,010 - INFO - Collecting idna-ssl>=1.0
2026-04-01 10:47:24,015 - INFO - Downloading idna-ssl-1.1.0.tar.gz (3.4 kB)
2026-04-01 10:47:24,330 - INFO - Collecting async-timeout<5.0,>=4.0.0a3
2026-04-01 10:47:24,338 - INFO - Downloading async_timeout-4.0.2-py3-none-any.whl (5.8 kB)
2026-04-01 10:47:24,380 - INFO - Collecting asynctest==0.13.0
2026-04-01 10:47:24,387 - INFO - Downloading asynctest-0.13.0-py3-none-any.whl (26 kB)
2026-04-01 10:47:24,451 - INFO - Collecting attrs>=17.3.0
2026-04-01 10:47:24,460 - INFO - Downloading attrs-22.2.0-py3-none-any.whl (60 kB)
2026-04-01 10:47:26,314 - INFO - Collecting multidict<7.0,>=4.5
2026-04-01 10:47:26,323 - INFO - Downloading multidict-5.2.0-cp36-cp36m-manylinux_2_5_x86_64.manylinux1_x86_64.manylinux_2_12_x86_64.manylinux2010_x86_64.whl (159 kB)
2026-04-01 10:47:26,382 - INFO - Collecting aiosignal>=1.1.2
2026-04-01 10:47:26,390 - INFO - Downloading aiosignal-1.2.0-py3-none-any.whl (8.2 kB)
2026-04-01 10:47:27,070 - INFO - Collecting charset-normalizer<4.0,>=2.0
2026-04-01 10:47:27,079 - INFO - Downloading charset_normalizer-3.0.1-cp36-cp36m-manylinux_2_17_x86_64.manylinux2014_x86_64.whl (162 kB)
2026-04-01 10:47:27,672 - INFO - Collecting frozenlist>=1.1.1
2026-04-01 10:47:27,680 - INFO - Downloading frozenlist-1.2.0-cp36-cp36m-manylinux_2_5_x86_64.manylinux1_x86_64.manylinux_2_12_x86_64.manylinux2010_x86_64.whl (191 kB)
2026-04-01 10:47:29,513 - INFO - Collecting yarl<2.0,>=1.0
2026-04-01 10:47:29,546 - INFO - Downloading yarl-1.7.2-cp36-cp36m-manylinux_2_5_x86_64.manylinux1_x86_64.manylinux_2_12_x86_64.manylinux2010_x86_64.whl (270 kB)
2026-04-01 10:47:29,852 - INFO - Collecting idna>=2.0
2026-04-01 10:47:29,867 - INFO - Downloading idna-3.10-py3-none-any.whl (70 kB)
2026-04-01 10:47:29,943 - INFO - Collecting charset-normalizer<4.0,>=2.0
2026-04-01 10:47:29,952 - INFO - Downloading charset_normalizer-2.0.12-py3-none-any.whl (39 kB)
2026-04-01 10:47:29,985 - INFO - Requirement already satisfied: certifi>=2017.4.17 in /opt/miniconda3/envs/testbed/lib/python3.6/site-packages (from requests<3.0.0,>=2.24.0->geoip2->-r /root/requirements.txt (line 5)) (2021.5.30)
2026-04-01 10:47:30,654 - INFO - Collecting cffi>=1.0.1
2026-04-01 10:47:30,672 - INFO - Downloading cffi-1.15.1-cp36-cp36m-manylinux_2_5_x86_64.manylinux1_x86_64.whl (402 kB)
2026-04-01 10:47:30,742 - INFO - Collecting pycparser
2026-04-01 10:47:30,750 - INFO - Downloading pycparser-2.21-py2.py3-none-any.whl (118 kB)
2026-04-01 10:47:30,783 - INFO - Building wheels for collected packages: pywatchman, idna-ssl, maxminddb
2026-04-01 10:47:30,784 - INFO - Building wheel for pywatchman (setup.py): started
2026-04-01 10:47:31,601 - INFO - Building wheel for pywatchman (setup.py): finished with status 'done'
  Created wheel for pywatchman: filename=pywatchman-1.4.1-cp36-cp36m-linux_x86_64.whl size=62460 sha256=a39bf92c80d29316c1cd73906be78e0d5d63226466af3e40d0c5d2c3710df102
  Stored in directory: /root/.cache/pip/wheels/8d/98/a9/f03130b4b0b1798a35f4572d60e096bebc8201267eaddf7874
2026-04-01 10:47:31,613 - INFO - Building wheel for idna-ssl (setup.py): started
2026-04-01 10:47:31,936 - INFO - Building wheel for idna-ssl (setup.py): finished with status 'done'
2026-04-01 10:47:31,936 - INFO - Created wheel for idna-ssl: filename=idna_ssl-1.1.0-py3-none-any.whl size=3178 sha256=138e4dc8b2b4272d9aa085132949479b76f8fb8d747b68f40a68d8fc45555371
  Stored in directory: /root/.cache/pip/wheels/6a/f5/9c/f8331a854f7a8739cf0e74c13854e4dd7b1af11b04fe1dde13
2026-04-01 10:47:31,941 - INFO - Building wheel for maxminddb (setup.py): started
2026-04-01 10:47:32,382 - INFO - Building wheel for maxminddb (setup.py): finished with status 'done'
2026-04-01 10:47:32,382 - INFO - Created wheel for maxminddb: filename=maxminddb-2.2.0-py2.py3-none-any.whl size=16356 sha256=d90cb55d78c40758c80fed54004b06214ae05762cb731aefb7a6fb0121fe7399
  Stored in directory: /root/.cache/pip/wheels/4a/01/2e/0219dd35e909a917dea3da2113250fa684693406bbcfd64dbe
2026-04-01 10:47:32,386 - INFO - Successfully built pywatchman idna-ssl maxminddb
2026-04-01 10:47:32,558 - INFO - Installing collected packages: typing-extensions, pycparser, multidict, idna, frozenlist, yarl, urllib3, idna-ssl, charset-normalizer, cffi, attrs, asynctest, async-timeout, aiosignal, requests, maxminddb, MarkupSafe, dataclasses, argon2-cffi-bindings, aiohttp, tblib, sqlparse, selenium, PyYAML, pywatchman, pytz, python-memcached, pylibmc, Pillow, numpy, jinja2, geoip2, docutils, bcrypt, asgiref, argon2-cffi
2026-04-01 10:47:36,167 - INFO - Successfully installed MarkupSafe-2.0.1 Pillow-8.4.0 PyYAML-6.0.1 aiohttp-3.8.6 aiosignal-1.2.0 argon2-cffi-21.3.0 argon2-cffi-bindings-21.2.0 asgiref-3.4.1 async-timeout-4.0.2 asynctest-0.13.0 attrs-22.2.0 bcrypt-4.0.1 cffi-1.15.1 charset-normalizer-2.0.12 dataclasses-0.8 docutils-0.18.1 frozenlist-1.2.0 geoip2-4.6.0 idna-3.10 idna-ssl-1.1.0 jinja2-3.0.3 maxminddb-2.2.0 multidict-5.2.0 numpy-1.19.5 pycparser-2.21 pylibmc-1.6.3 python-memcached-1.62 pytz-2026.1.post1 pywatchman-1.4.1 requests-2.27.1 selenium-3.141.0 sqlparse-0.4.4 tblib-1.7.0 typing-extensions-4.1.1 urllib3-1.26.20 yarl-1.7.2
2026-04-01 10:47:36,168 - INFO - WARNING: Running pip as the 'root' user can result in broken permissions and conflicting behaviour with the system package manager. It is recommended to use a virtual environment instead: https://pip.pypa.io/warnings/venv
2026-04-01 10:47:36,834 - INFO - + rm /root/requirements.txt
2026-04-01 10:47:36,836 - INFO - + conda activate testbed
+ local cmd=activate
+ case "$cmd" in
+ __conda_activate activate testbed
+ '[' -n '' ']'
+ local ask_conda
2026-04-01 10:47:36,837 - INFO - ++ PS1='(testbed) '
++ __conda_exe shell.posix activate testbed
2026-04-01 10:47:36,838 - INFO - ++ /opt/miniconda3/bin/conda shell.posix activate testbed
2026-04-01 10:47:36,968 - INFO - + ask_conda='PS1='\''(testbed) '\''
export PATH='\''/opt/miniconda3/envs/testbed/bin:/opt/miniconda3/condabin:/opt/miniconda3/bin:/usr/local/sbin:/usr/local/bin:/usr/sbin:/usr/bin:/sbin:/bin'\''
export CONDA_SHLVL='\''2'\''
export CONDA_PROMPT_MODIFIER='\''(testbed) '\'''
+ eval 'PS1='\''(testbed) '\''
export PATH='\''/opt/miniconda3/envs/testbed/bin:/opt/miniconda3/condabin:/opt/miniconda3/bin:/usr/local/sbin:/usr/local/bin:/usr/sbin:/usr/bin:/sbin:/bin'\''
export CONDA_SHLVL='\''2'\''
export CONDA_PROMPT_MODIFIER='\''(testbed) '\'''
++ PS1='(testbed) '
++ export PATH=/opt/miniconda3/envs/testbed/bin:/opt/miniconda3/condabin:/opt/miniconda3/bin:/usr/local/sbin:/usr/local/bin:/usr/sbin:/usr/bin:/sbin:/bin
++ PATH=/opt/miniconda3/envs/testbed/bin:/opt/miniconda3/condabin:/opt/miniconda3/bin:/usr/local/sbin:/usr/local/bin:/usr/sbin:/usr/bin:/sbin:/bin
++ export CONDA_SHLVL=2
++ CONDA_SHLVL=2
++ export 'CONDA_PROMPT_MODIFIER=(testbed) '
++ CONDA_PROMPT_MODIFIER='(testbed) '
+ __conda_hashr
+ '[' -n '' ']'
+ '[' -n '' ']'
+ hash -r
2026-04-01 10:48:37,896 - INFO - ---> Removed intermediate container 3779dd27a97c
2026-04-01 10:48:37,898 - INFO - ---> 106bb1e57124
2026-04-01 10:48:37,898 - INFO - Step 6/7 : WORKDIR /testbed/
2026-04-01 10:48:37,898 - INFO - 
2026-04-01 10:48:39,200 - INFO - ---> Running in 015fcd51e58f
2026-04-01 10:48:47,056 - INFO - ---> Removed intermediate container 015fcd51e58f
2026-04-01 10:48:47,056 - INFO - ---> e1edef662483
2026-04-01 10:48:47,056 - INFO - Step 7/7 : RUN echo "source /opt/miniconda3/etc/profile.d/conda.sh && conda activate testbed" > /root/.bashrc
2026-04-01 10:48:47,057 - INFO - 
2026-04-01 10:48:47,147 - INFO - ---> Running in 8ebef5fafd8d
2026-04-01 10:48:55,902 - INFO - ---> Removed intermediate container 8ebef5fafd8d
2026-04-01 10:48:55,903 - INFO - ---> 3034abbb7d4d
2026-04-01 10:48:55,907 - INFO - Successfully built 3034abbb7d4d
2026-04-01 10:48:55,922 - INFO - Successfully tagged sweb.env.py.x86_64.a18371b03f944585b4f08c:latest
2026-04-01 10:48:55,922 - INFO - Image built successfully!
